[ 2016-11-29T08:39:16+08:00 ] 113.111.65.169 /Home/Index/list_marks.html
INFO: [ app_begin ] --START--
INFO: Run Behavior\ReadHtmlCache [ RunTime:0.000039s ]
INFO: [ app_begin ] --END-- [ RunTime:0.000478s ]
NOTIC: [2] session_start(): open(/var/lib/php/session/sess_hkde1frs0abj8gcipsdkl0hui4, O_RDWR) failed: Permission denied (13) /data/html/one/ThinkPHP/Common/functions.php 第 1092 行.
NOTIC: [2] array_values() expects parameter 1 to be array, null given /data/html/one/Application/Home/Controller/IndexController.class.php 第 88 行.
NOTIC: [4096] Argument 1 passed to exit_json() must be of the type array, null given, called in /data/html/one/Application/Home/Controller/IndexController.class.php on line 89 and defined /data/html/one/Application/Common/Common/function.php 第 1098 行.

[ 2016-11-29T08:39:19+08:00 ] 113.111.65.169 /Home/Index/list_marks.html
INFO: [ app_begin ] --START--
INFO: Run Behavior\ReadHtmlCache [ RunTime:0.000027s ]
INFO: [ app_begin ] --END-- [ RunTime:0.000096s ]
NOTIC: [2] session_start(): open(/var/lib/php/session/sess_hkde1frs0abj8gcipsdkl0hui4, O_RDWR) failed: Permission denied (13) /data/html/one/ThinkPHP/Common/functions.php 第 1092 行.
NOTIC: [2] array_values() expects parameter 1 to be array, null given /data/html/one/Application/Home/Controller/IndexController.class.php 第 88 行.
NOTIC: [4096] Argument 1 passed to exit_json() must be of the type array, null given, called in /data/html/one/Application/Home/Controller/IndexController.class.php on line 89 and defined /data/html/one/Application/Common/Common/function.php 第 1098 行.

[ 2016-11-29T08:39:21+08:00 ] 113.111.65.169 /Home/Main/search_result.html
INFO: [ app_begin ] --START--
INFO: Run Behavior\ReadHtmlCache [ RunTime:0.000034s ]
INFO: [ app_begin ] --END-- [ RunTime:0.000108s ]
NOTIC: [2] session_start(): open(/var/lib/php/session/sess_hkde1frs0abj8gcipsdkl0hui4, O_RDWR) failed: Permission denied (13) /data/html/one/ThinkPHP/Common/functions.php 第 1092 行.
SQL: SHOW COLUMNS FROM `one_compound` [ RunTime:0.001845s ]
SQL: SHOW COLUMNS FROM `one_compound` [ RunTime:0.000306s ]
SQL: SELECT COUNT(*) AS tp_count FROM `one_compound` WHERE ( `c_chemicals` LIKE '%C2H5O%' ) LIMIT 1   [ RunTime:0.003161s ]
SQL: SHOW COLUMNS FROM `one_compound` [ RunTime:0.000441s ]
SQL: SELECT `id`,`c_chemicals`,`c_name1`,`c_name2`,`c_cas`,`c_img` FROM `one_compound` WHERE ( `c_chemicals` LIKE '%C2H5O%' ) LIMIT 0,20   [ RunTime:0.000394s ]
NOTIC: [2] array_values() expects parameter 1 to be array, null given /data/html/one/Application/Home/Controller/MainController.class.php 第 21 行.
NOTIC: [2] array_map(): Argument #2 should be an array /data/html/one/ThinkPHP/Common/functions.php 第 1308 行.
NOTIC: [2] in_array() expects parameter 2 to be array, null given /data/html/one/ThinkPHP/Common/functions.php 第 1308 行.
NOTIC: [2] array_map(): Argument #2 should be an array /data/html/one/ThinkPHP/Common/functions.php 第 1308 行.
NOTIC: [2] in_array() expects parameter 2 to be array, null given /data/html/one/ThinkPHP/Common/functions.php 第 1308 行.

[ 2016-11-29T08:39:23+08:00 ] 113.111.65.169 /Home/Main/reaction_list.html
INFO: [ app_begin ] --START--
INFO: Run Behavior\ReadHtmlCache [ RunTime:0.000041s ]
INFO: [ app_begin ] --END-- [ RunTime:0.000131s ]
NOTIC: [2] session_start(): open(/var/lib/php/session/sess_hkde1frs0abj8gcipsdkl0hui4, O_RDWR) failed: Permission denied (13) /data/html/one/ThinkPHP/Common/functions.php 第 1092 行.
SQL: SHOW COLUMNS FROM `one_compound` [ RunTime:0.004363s ]
SQL: SHOW COLUMNS FROM `one_compound_relation` [ RunTime:0.000979s ]
SQL: SELECT * FROM `one_compound_relation`  [ RunTime:0.003890s ]

[ 2016-11-29T08:39:23+08:00 ] 113.111.65.169 /Home/Index/list_marks.html
INFO: [ app_begin ] --START--
INFO: Run Behavior\ReadHtmlCache [ RunTime:0.000039s ]
INFO: [ app_begin ] --END-- [ RunTime:0.000154s ]
NOTIC: [2] session_start(): open(/var/lib/php/session/sess_hkde1frs0abj8gcipsdkl0hui4, O_RDWR) failed: Permission denied (13) /data/html/one/ThinkPHP/Common/functions.php 第 1092 行.
NOTIC: [2] array_values() expects parameter 1 to be array, null given /data/html/one/Application/Home/Controller/IndexController.class.php 第 88 行.
NOTIC: [4096] Argument 1 passed to exit_json() must be of the type array, null given, called in /data/html/one/Application/Home/Controller/IndexController.class.php on line 89 and defined /data/html/one/Application/Common/Common/function.php 第 1098 行.

[ 2016-11-29T08:39:25+08:00 ] 113.111.65.169 /Home/Index/add.html
INFO: [ app_begin ] --START--
INFO: Run Behavior\ReadHtmlCache [ RunTime:0.000027s ]
INFO: [ app_begin ] --END-- [ RunTime:0.000100s ]
NOTIC: [2] session_start(): open(/var/lib/php/session/sess_hkde1frs0abj8gcipsdkl0hui4, O_RDWR) failed: Permission denied (13) /data/html/one/ThinkPHP/Common/functions.php 第 1092 行.

[ 2016-11-29T08:39:25+08:00 ] 113.111.65.169 /Home/Index/list_marks.html
INFO: [ app_begin ] --START--
INFO: Run Behavior\ReadHtmlCache [ RunTime:0.000033s ]
INFO: [ app_begin ] --END-- [ RunTime:0.000137s ]
NOTIC: [2] session_start(): open(/var/lib/php/session/sess_hkde1frs0abj8gcipsdkl0hui4, O_RDWR) failed: Permission denied (13) /data/html/one/ThinkPHP/Common/functions.php 第 1092 行.

[ 2016-11-29T08:39:26+08:00 ] 113.111.65.169 /Home/Index/del.html
INFO: [ app_begin ] --START--
INFO: Run Behavior\ReadHtmlCache [ RunTime:0.000031s ]
INFO: [ app_begin ] --END-- [ RunTime:0.000098s ]
NOTIC: [2] session_start(): open(/var/lib/php/session/sess_hkde1frs0abj8gcipsdkl0hui4, O_RDWR) failed: Permission denied (13) /data/html/one/ThinkPHP/Common/functions.php 第 1092 行.

[ 2016-11-29T08:39:26+08:00 ] 113.111.65.169 /Home/Index/list_marks.html
INFO: [ app_begin ] --START--
INFO: Run Behavior\ReadHtmlCache [ RunTime:0.000029s ]
INFO: [ app_begin ] --END-- [ RunTime:0.000101s ]
NOTIC: [2] session_start(): open(/var/lib/php/session/sess_hkde1frs0abj8gcipsdkl0hui4, O_RDWR) failed: Permission denied (13) /data/html/one/ThinkPHP/Common/functions.php 第 1092 行.

[ 2016-11-29T08:39:27+08:00 ] 113.111.65.169 /Home/Index/list_marks.html
INFO: [ app_begin ] --START--
INFO: Run Behavior\ReadHtmlCache [ RunTime:0.000042s ]
INFO: [ app_begin ] --END-- [ RunTime:0.000114s ]
NOTIC: [2] session_start(): open(/var/lib/php/session/sess_hkde1frs0abj8gcipsdkl0hui4, O_RDWR) failed: Permission denied (13) /data/html/one/ThinkPHP/Common/functions.php 第 1092 行.

[ 2016-11-29T08:39:27+08:00 ] 113.111.65.169 /Home/Main/reaction_list.html
INFO: [ app_begin ] --START--
INFO: Run Behavior\ReadHtmlCache [ RunTime:0.000026s ]
INFO: [ app_begin ] --END-- [ RunTime:0.000088s ]
NOTIC: [2] session_start(): open(/var/lib/php/session/sess_hkde1frs0abj8gcipsdkl0hui4, O_RDWR) failed: Permission denied (13) /data/html/one/ThinkPHP/Common/functions.php 第 1092 行.
SQL: SHOW COLUMNS FROM `one_compound` [ RunTime:0.000342s ]
SQL: SHOW COLUMNS FROM `one_compound_relation` [ RunTime:0.000338s ]
SQL: SELECT * FROM `one_compound_relation`  [ RunTime:0.000173s ]

[ 2016-11-29T08:39:28+08:00 ] 113.111.65.169 /Home/Index/add.html
INFO: [ app_begin ] --START--
INFO: Run Behavior\ReadHtmlCache [ RunTime:0.000029s ]
INFO: [ app_begin ] --END-- [ RunTime:0.000102s ]
NOTIC: [2] session_start(): open(/var/lib/php/session/sess_hkde1frs0abj8gcipsdkl0hui4, O_RDWR) failed: Permission denied (13) /data/html/one/ThinkPHP/Common/functions.php 第 1092 行.

[ 2016-11-29T08:39:28+08:00 ] 113.111.65.169 /Home/Index/list_marks.html
INFO: [ app_begin ] --START--
INFO: Run Behavior\ReadHtmlCache [ RunTime:0.000027s ]
INFO: [ app_begin ] --END-- [ RunTime:0.000092s ]
NOTIC: [2] session_start(): open(/var/lib/php/session/sess_hkde1frs0abj8gcipsdkl0hui4, O_RDWR) failed: Permission denied (13) /data/html/one/ThinkPHP/Common/functions.php 第 1092 行.

[ 2016-11-29T08:39:30+08:00 ] 113.111.65.169 /Home/Main/reaction_list.html
INFO: [ app_begin ] --START--
INFO: Run Behavior\ReadHtmlCache [ RunTime:0.000025s ]
INFO: [ app_begin ] --END-- [ RunTime:0.000088s ]
NOTIC: [2] session_start(): open(/var/lib/php/session/sess_hkde1frs0abj8gcipsdkl0hui4, O_RDWR) failed: Permission denied (13) /data/html/one/ThinkPHP/Common/functions.php 第 1092 行.
SQL: SHOW COLUMNS FROM `one_compound` [ RunTime:0.000392s ]
SQL: SHOW COLUMNS FROM `one_compound_relation` [ RunTime:0.000307s ]
SQL: SELECT * FROM `one_compound_relation`  [ RunTime:0.000181s ]

[ 2016-11-29T08:39:30+08:00 ] 113.111.65.169 /Home/Index/list_marks.html
INFO: [ app_begin ] --START--
INFO: Run Behavior\ReadHtmlCache [ RunTime:0.000025s ]
INFO: [ app_begin ] --END-- [ RunTime:0.000088s ]
NOTIC: [2] session_start(): open(/var/lib/php/session/sess_hkde1frs0abj8gcipsdkl0hui4, O_RDWR) failed: Permission denied (13) /data/html/one/ThinkPHP/Common/functions.php 第 1092 行.

[ 2016-11-29T08:40:01+08:00 ] 113.111.65.169 /Admin/Public/login.html
INFO: [ view_parse ] --START--
INFO: [ template_filter ] --START--
INFO: Run Behavior\ContentReplace [ RunTime:0.000066s ]
INFO: [ template_filter ] --END-- [ RunTime:0.000136s ]
INFO: Run Behavior\ParseTemplate [ RunTime:0.007954s ]
INFO: [ view_parse ] --END-- [ RunTime:0.008036s ]
INFO: [ view_filter ] --START--
INFO: Run Behavior\WriteHtmlCache [ RunTime:0.000072s ]
INFO: [ view_filter ] --END-- [ RunTime:0.000124s ]
INFO: [ app_end ] --START--
INFO: Run Behavior\ShowPageTrace [ RunTime:0.000038s ]
INFO: [ app_end ] --END-- [ RunTime:0.000103s ]

[ 2016-11-29T08:40:04+08:00 ] 113.111.65.169 /Admin/Public/login.html
INFO: [ app_begin ] --START--
INFO: Run Behavior\ReadHtmlCache [ RunTime:0.000049s ]
INFO: [ app_begin ] --END-- [ RunTime:0.000146s ]
NOTIC: [2] session_start(): open(/var/lib/php/session/sess_hkde1frs0abj8gcipsdkl0hui4, O_RDWR) failed: Permission denied (13) /data/html/one/ThinkPHP/Common/functions.php 第 1092 行.

[ 2016-11-29T08:43:40+08:00 ] 113.111.65.169 /Home/Main/reaction_list.html
INFO: [ app_begin ] --START--
INFO: Run Behavior\ReadHtmlCache [ RunTime:0.000033s ]
INFO: [ app_begin ] --END-- [ RunTime:0.000101s ]
NOTIC: [2] session_start(): open(/var/lib/php/session/sess_hkde1frs0abj8gcipsdkl0hui4, O_RDWR) failed: Permission denied (13) /data/html/one/ThinkPHP/Common/functions.php 第 1092 行.
SQL: SHOW COLUMNS FROM `one_compound` [ RunTime:0.000404s ]
SQL: SHOW COLUMNS FROM `one_compound_relation` [ RunTime:0.000575s ]
SQL: SELECT * FROM `one_compound_relation`  [ RunTime:0.000316s ]

[ 2016-11-29T08:43:40+08:00 ] 113.111.65.169 /Home/Index/list_marks.html
INFO: [ app_begin ] --START--
INFO: Run Behavior\ReadHtmlCache [ RunTime:0.000030s ]
INFO: [ app_begin ] --END-- [ RunTime:0.000203s ]
NOTIC: [2] session_start(): open(/var/lib/php/session/sess_hkde1frs0abj8gcipsdkl0hui4, O_RDWR) failed: Permission denied (13) /data/html/one/ThinkPHP/Common/functions.php 第 1092 行.

[ 2016-11-29T08:43:42+08:00 ] 113.111.65.169 /Home/Main/reaction_list.html
INFO: [ app_begin ] --START--
INFO: Run Behavior\ReadHtmlCache [ RunTime:0.000027s ]
INFO: [ app_begin ] --END-- [ RunTime:0.000091s ]
NOTIC: [2] session_start(): open(/var/lib/php/session/sess_hkde1frs0abj8gcipsdkl0hui4, O_RDWR) failed: Permission denied (13) /data/html/one/ThinkPHP/Common/functions.php 第 1092 行.
SQL: SHOW COLUMNS FROM `one_compound` [ RunTime:0.000421s ]
SQL: SHOW COLUMNS FROM `one_compound_relation` [ RunTime:0.000303s ]
SQL: SELECT * FROM `one_compound_relation`  [ RunTime:0.000175s ]

[ 2016-11-29T08:43:42+08:00 ] 113.111.65.169 /Home/Index/list_marks.html
INFO: [ app_begin ] --START--
INFO: Run Behavior\ReadHtmlCache [ RunTime:0.000027s ]
INFO: [ app_begin ] --END-- [ RunTime:0.000092s ]
NOTIC: [2] session_start(): open(/var/lib/php/session/sess_hkde1frs0abj8gcipsdkl0hui4, O_RDWR) failed: Permission denied (13) /data/html/one/ThinkPHP/Common/functions.php 第 1092 行.

[ 2016-11-29T08:43:43+08:00 ] 113.111.65.169 /Home/Index/list_marks.html
INFO: [ app_begin ] --START--
INFO: Run Behavior\ReadHtmlCache [ RunTime:0.000040s ]
INFO: [ app_begin ] --END-- [ RunTime:0.000137s ]
NOTIC: [2] session_start(): open(/var/lib/php/session/sess_hkde1frs0abj8gcipsdkl0hui4, O_RDWR) failed: Permission denied (13) /data/html/one/ThinkPHP/Common/functions.php 第 1092 行.

[ 2016-11-29T08:43:44+08:00 ] 113.111.65.169 /Home/Index/list_marks.html
INFO: [ app_begin ] --START--
INFO: Run Behavior\ReadHtmlCache [ RunTime:0.000040s ]
INFO: [ app_begin ] --END-- [ RunTime:0.000140s ]
NOTIC: [2] session_start(): open(/var/lib/php/session/sess_hkde1frs0abj8gcipsdkl0hui4, O_RDWR) failed: Permission denied (13) /data/html/one/ThinkPHP/Common/functions.php 第 1092 行.

[ 2016-11-29T11:34:59+08:00 ] 14.145.48.14 /Home/Index/list_marks.html
INFO: [ app_begin ] --START--
INFO: Run Behavior\ReadHtmlCache [ RunTime:0.000037s ]
INFO: [ app_begin ] --END-- [ RunTime:0.000500s ]
NOTIC: [2] session_start(): open(/var/lib/php/session/sess_fopd7j1mkuqhr49icr1kkvmdm3, O_RDWR) failed: Permission denied (13) /data/html/one/ThinkPHP/Common/functions.php 第 1092 行.
NOTIC: [2] array_values() expects parameter 1 to be array, null given /data/html/one/Application/Home/Controller/IndexController.class.php 第 88 行.
NOTIC: [4096] Argument 1 passed to exit_json() must be of the type array, null given, called in /data/html/one/Application/Home/Controller/IndexController.class.php on line 89 and defined /data/html/one/Application/Common/Common/function.php 第 1098 行.

[ 2016-11-29T11:35:01+08:00 ] 14.23.33.106 /Home/Index/list_marks.html
INFO: [ app_begin ] --START--
INFO: Run Behavior\ReadHtmlCache [ RunTime:0.000026s ]
INFO: [ app_begin ] --END-- [ RunTime:0.000088s ]
NOTIC: [2] session_start(): open(/var/lib/php/session/sess_fopd7j1mkuqhr49icr1kkvmdm3, O_RDWR) failed: Permission denied (13) /data/html/one/ThinkPHP/Common/functions.php 第 1092 行.
NOTIC: [2] array_values() expects parameter 1 to be array, null given /data/html/one/Application/Home/Controller/IndexController.class.php 第 88 行.
NOTIC: [4096] Argument 1 passed to exit_json() must be of the type array, null given, called in /data/html/one/Application/Home/Controller/IndexController.class.php on line 89 and defined /data/html/one/Application/Common/Common/function.php 第 1098 行.

[ 2016-11-29T11:35:06+08:00 ] 14.23.33.106 /Admin/Public/login.html
INFO: [ view_parse ] --START--
INFO: [ template_filter ] --START--
INFO: Run Behavior\ContentReplace [ RunTime:0.000076s ]
INFO: [ template_filter ] --END-- [ RunTime:0.000159s ]
INFO: Run Behavior\ParseTemplate [ RunTime:0.015040s ]
INFO: [ view_parse ] --END-- [ RunTime:0.015135s ]
INFO: [ view_filter ] --START--
INFO: Run Behavior\WriteHtmlCache [ RunTime:0.000061s ]
INFO: [ view_filter ] --END-- [ RunTime:0.000124s ]
INFO: [ app_end ] --START--
INFO: Run Behavior\ShowPageTrace [ RunTime:0.000034s ]
INFO: [ app_end ] --END-- [ RunTime:0.000100s ]

