[ 2016-12-13T16:49:35+08:00 ] 58.62.17.190 /Home/Index/list_marks.html
INFO: [ app_begin ] --START--
INFO: Run Behavior\ReadHtmlCache [ RunTime:0.000042s ]
INFO: [ app_begin ] --END-- [ RunTime:0.000136s ]
NOTIC: [2] session_start(): open(/var/lib/php/session/sess_amv69c3ea5jnfujmtu3p3ft515, O_RDWR) failed: Permission denied (13) /data/html/one/ThinkPHP/Common/functions.php 第 1092 行.
SQL: SHOW COLUMNS FROM `one_compound` [ RunTime:0.000507s ]
NOTIC: [2] array_values() expects parameter 1 to be array, null given /data/html/one/Application/Home/Controller/IndexController.class.php 第 91 行.
NOTIC: [4096] Argument 1 passed to exit_json() must be of the type array, null given, called in /data/html/one/Application/Home/Controller/IndexController.class.php on line 92 and defined /data/html/one/Application/Common/Common/function.php 第 1098 行.

[ 2016-12-13T16:49:36+08:00 ] 58.62.17.190 /Home/Index/list_marks.html
INFO: [ app_begin ] --START--
INFO: Run Behavior\ReadHtmlCache [ RunTime:0.000046s ]
INFO: [ app_begin ] --END-- [ RunTime:0.000147s ]
NOTIC: [2] session_start(): open(/var/lib/php/session/sess_amv69c3ea5jnfujmtu3p3ft515, O_RDWR) failed: Permission denied (13) /data/html/one/ThinkPHP/Common/functions.php 第 1092 行.
SQL: SHOW COLUMNS FROM `one_compound` [ RunTime:0.000398s ]
NOTIC: [2] array_values() expects parameter 1 to be array, null given /data/html/one/Application/Home/Controller/IndexController.class.php 第 91 行.
NOTIC: [4096] Argument 1 passed to exit_json() must be of the type array, null given, called in /data/html/one/Application/Home/Controller/IndexController.class.php on line 92 and defined /data/html/one/Application/Common/Common/function.php 第 1098 行.

[ 2016-12-13T16:49:37+08:00 ] 58.62.17.190 /Home/Index/list_marks.html
INFO: [ app_begin ] --START--
INFO: Run Behavior\ReadHtmlCache [ RunTime:0.000097s ]
INFO: [ app_begin ] --END-- [ RunTime:0.000177s ]
NOTIC: [2] session_start(): open(/var/lib/php/session/sess_amv69c3ea5jnfujmtu3p3ft515, O_RDWR) failed: Permission denied (13) /data/html/one/ThinkPHP/Common/functions.php 第 1092 行.
SQL: SHOW COLUMNS FROM `one_compound` [ RunTime:0.000939s ]
NOTIC: [2] array_values() expects parameter 1 to be array, null given /data/html/one/Application/Home/Controller/IndexController.class.php 第 91 行.
NOTIC: [4096] Argument 1 passed to exit_json() must be of the type array, null given, called in /data/html/one/Application/Home/Controller/IndexController.class.php on line 92 and defined /data/html/one/Application/Common/Common/function.php 第 1098 行.

[ 2016-12-13T16:49:38+08:00 ] 58.62.17.190 /Home/Index/list_marks.html
INFO: [ app_begin ] --START--
INFO: Run Behavior\ReadHtmlCache [ RunTime:0.000026s ]
INFO: [ app_begin ] --END-- [ RunTime:0.000090s ]
NOTIC: [2] session_start(): open(/var/lib/php/session/sess_amv69c3ea5jnfujmtu3p3ft515, O_RDWR) failed: Permission denied (13) /data/html/one/ThinkPHP/Common/functions.php 第 1092 行.
SQL: SHOW COLUMNS FROM `one_compound` [ RunTime:0.000348s ]
NOTIC: [2] array_values() expects parameter 1 to be array, null given /data/html/one/Application/Home/Controller/IndexController.class.php 第 91 行.
NOTIC: [4096] Argument 1 passed to exit_json() must be of the type array, null given, called in /data/html/one/Application/Home/Controller/IndexController.class.php on line 92 and defined /data/html/one/Application/Common/Common/function.php 第 1098 行.

[ 2016-12-13T16:49:39+08:00 ] 58.62.17.190 /Home/Index/list_marks.html
INFO: [ app_begin ] --START--
INFO: Run Behavior\ReadHtmlCache [ RunTime:0.000036s ]
INFO: [ app_begin ] --END-- [ RunTime:0.000143s ]
NOTIC: [2] session_start(): open(/var/lib/php/session/sess_amv69c3ea5jnfujmtu3p3ft515, O_RDWR) failed: Permission denied (13) /data/html/one/ThinkPHP/Common/functions.php 第 1092 行.
SQL: SHOW COLUMNS FROM `one_compound` [ RunTime:0.000507s ]
NOTIC: [2] array_values() expects parameter 1 to be array, null given /data/html/one/Application/Home/Controller/IndexController.class.php 第 91 行.
NOTIC: [4096] Argument 1 passed to exit_json() must be of the type array, null given, called in /data/html/one/Application/Home/Controller/IndexController.class.php on line 92 and defined /data/html/one/Application/Common/Common/function.php 第 1098 行.

[ 2016-12-13T16:49:40+08:00 ] 58.62.17.190 /Home/Index/list_marks.html
INFO: [ app_begin ] --START--
INFO: Run Behavior\ReadHtmlCache [ RunTime:0.000200s ]
INFO: [ app_begin ] --END-- [ RunTime:0.000280s ]
NOTIC: [2] session_start(): open(/var/lib/php/session/sess_amv69c3ea5jnfujmtu3p3ft515, O_RDWR) failed: Permission denied (13) /data/html/one/ThinkPHP/Common/functions.php 第 1092 行.
SQL: SHOW COLUMNS FROM `one_compound` [ RunTime:0.000392s ]
NOTIC: [2] array_values() expects parameter 1 to be array, null given /data/html/one/Application/Home/Controller/IndexController.class.php 第 91 行.
NOTIC: [4096] Argument 1 passed to exit_json() must be of the type array, null given, called in /data/html/one/Application/Home/Controller/IndexController.class.php on line 92 and defined /data/html/one/Application/Common/Common/function.php 第 1098 行.

[ 2016-12-13T16:49:41+08:00 ] 58.62.17.190 /Home/Index/list_marks.html
INFO: [ app_begin ] --START--
INFO: Run Behavior\ReadHtmlCache [ RunTime:0.000035s ]
INFO: [ app_begin ] --END-- [ RunTime:0.000190s ]
NOTIC: [2] session_start(): open(/var/lib/php/session/sess_amv69c3ea5jnfujmtu3p3ft515, O_RDWR) failed: Permission denied (13) /data/html/one/ThinkPHP/Common/functions.php 第 1092 行.
SQL: SHOW COLUMNS FROM `one_compound` [ RunTime:0.000829s ]
NOTIC: [2] array_values() expects parameter 1 to be array, null given /data/html/one/Application/Home/Controller/IndexController.class.php 第 91 行.
NOTIC: [4096] Argument 1 passed to exit_json() must be of the type array, null given, called in /data/html/one/Application/Home/Controller/IndexController.class.php on line 92 and defined /data/html/one/Application/Common/Common/function.php 第 1098 行.

[ 2016-12-13T16:49:43+08:00 ] 58.62.17.190 /Home/Index/list_marks.html
INFO: [ app_begin ] --START--
INFO: Run Behavior\ReadHtmlCache [ RunTime:0.000069s ]
INFO: [ app_begin ] --END-- [ RunTime:0.000146s ]
NOTIC: [2] session_start(): open(/var/lib/php/session/sess_amv69c3ea5jnfujmtu3p3ft515, O_RDWR) failed: Permission denied (13) /data/html/one/ThinkPHP/Common/functions.php 第 1092 行.
SQL: SHOW COLUMNS FROM `one_compound` [ RunTime:0.000413s ]
NOTIC: [2] array_values() expects parameter 1 to be array, null given /data/html/one/Application/Home/Controller/IndexController.class.php 第 91 行.
NOTIC: [4096] Argument 1 passed to exit_json() must be of the type array, null given, called in /data/html/one/Application/Home/Controller/IndexController.class.php on line 92 and defined /data/html/one/Application/Common/Common/function.php 第 1098 行.

[ 2016-12-13T16:49:50+08:00 ] 58.62.17.190 /Home/Index/list_marks.html
INFO: [ app_begin ] --START--
INFO: Run Behavior\ReadHtmlCache [ RunTime:0.000040s ]
INFO: [ app_begin ] --END-- [ RunTime:0.000137s ]
NOTIC: [2] session_start(): open(/var/lib/php/session/sess_amv69c3ea5jnfujmtu3p3ft515, O_RDWR) failed: Permission denied (13) /data/html/one/ThinkPHP/Common/functions.php 第 1092 行.
SQL: SHOW COLUMNS FROM `one_compound` [ RunTime:0.000454s ]
NOTIC: [2] array_values() expects parameter 1 to be array, null given /data/html/one/Application/Home/Controller/IndexController.class.php 第 91 行.
NOTIC: [4096] Argument 1 passed to exit_json() must be of the type array, null given, called in /data/html/one/Application/Home/Controller/IndexController.class.php on line 92 and defined /data/html/one/Application/Common/Common/function.php 第 1098 行.

[ 2016-12-13T16:49:54+08:00 ] 58.62.17.190 /Home/Index/list_marks.html
INFO: [ app_begin ] --START--
INFO: Run Behavior\ReadHtmlCache [ RunTime:0.000045s ]
INFO: [ app_begin ] --END-- [ RunTime:0.000152s ]
NOTIC: [2] session_start(): open(/var/lib/php/session/sess_amv69c3ea5jnfujmtu3p3ft515, O_RDWR) failed: Permission denied (13) /data/html/one/ThinkPHP/Common/functions.php 第 1092 行.
SQL: SHOW COLUMNS FROM `one_compound` [ RunTime:0.000505s ]
NOTIC: [2] array_values() expects parameter 1 to be array, null given /data/html/one/Application/Home/Controller/IndexController.class.php 第 91 行.
NOTIC: [4096] Argument 1 passed to exit_json() must be of the type array, null given, called in /data/html/one/Application/Home/Controller/IndexController.class.php on line 92 and defined /data/html/one/Application/Common/Common/function.php 第 1098 行.

[ 2016-12-13T16:49:57+08:00 ] 58.62.17.190 /Home/Index/list_marks.html
INFO: [ app_begin ] --START--
INFO: Run Behavior\ReadHtmlCache [ RunTime:0.000036s ]
INFO: [ app_begin ] --END-- [ RunTime:0.000147s ]
NOTIC: [2] session_start(): open(/var/lib/php/session/sess_amv69c3ea5jnfujmtu3p3ft515, O_RDWR) failed: Permission denied (13) /data/html/one/ThinkPHP/Common/functions.php 第 1092 行.
SQL: SHOW COLUMNS FROM `one_compound` [ RunTime:0.000711s ]
NOTIC: [2] array_values() expects parameter 1 to be array, null given /data/html/one/Application/Home/Controller/IndexController.class.php 第 91 行.
NOTIC: [4096] Argument 1 passed to exit_json() must be of the type array, null given, called in /data/html/one/Application/Home/Controller/IndexController.class.php on line 92 and defined /data/html/one/Application/Common/Common/function.php 第 1098 行.

[ 2016-12-13T16:49:57+08:00 ] 58.62.17.190 /Home/Main/get_reaction.html
INFO: [ app_begin ] --START--
INFO: Run Behavior\ReadHtmlCache [ RunTime:0.000101s ]
INFO: [ app_begin ] --END-- [ RunTime:0.000342s ]
NOTIC: [2] session_start(): open(/var/lib/php/session/sess_amv69c3ea5jnfujmtu3p3ft515, O_RDWR) failed: Permission denied (13) /data/html/one/ThinkPHP/Common/functions.php 第 1092 行.
SQL: SHOW COLUMNS FROM `one_compound` [ RunTime:0.000332s ]

[ 2016-12-13T16:50:01+08:00 ] 58.62.17.190 /Home/Index/list_marks.html
INFO: [ app_begin ] --START--
INFO: Run Behavior\ReadHtmlCache [ RunTime:0.000041s ]
INFO: [ app_begin ] --END-- [ RunTime:0.000202s ]
NOTIC: [2] session_start(): open(/var/lib/php/session/sess_amv69c3ea5jnfujmtu3p3ft515, O_RDWR) failed: Permission denied (13) /data/html/one/ThinkPHP/Common/functions.php 第 1092 行.
SQL: SHOW COLUMNS FROM `one_compound` [ RunTime:0.000414s ]
NOTIC: [2] array_values() expects parameter 1 to be array, null given /data/html/one/Application/Home/Controller/IndexController.class.php 第 91 行.
NOTIC: [4096] Argument 1 passed to exit_json() must be of the type array, null given, called in /data/html/one/Application/Home/Controller/IndexController.class.php on line 92 and defined /data/html/one/Application/Common/Common/function.php 第 1098 行.

[ 2016-12-13T17:27:17+08:00 ] 58.62.17.190 /Home/Index/list_marks.html
INFO: [ app_begin ] --START--
INFO: Run Behavior\ReadHtmlCache [ RunTime:0.000034s ]
INFO: [ app_begin ] --END-- [ RunTime:0.000139s ]
NOTIC: [2] session_start(): open(/var/lib/php/session/sess_amv69c3ea5jnfujmtu3p3ft515, O_RDWR) failed: Permission denied (13) /data/html/one/ThinkPHP/Common/functions.php 第 1092 行.
SQL: SHOW COLUMNS FROM `one_compound` [ RunTime:0.001581s ]
NOTIC: [2] array_values() expects parameter 1 to be array, null given /data/html/one/Application/Home/Controller/IndexController.class.php 第 91 行.
NOTIC: [4096] Argument 1 passed to exit_json() must be of the type array, null given, called in /data/html/one/Application/Home/Controller/IndexController.class.php on line 92 and defined /data/html/one/Application/Common/Common/function.php 第 1098 行.

[ 2016-12-13T17:27:19+08:00 ] 58.62.17.190 /Home/Index/list_marks.html
INFO: [ app_begin ] --START--
INFO: Run Behavior\ReadHtmlCache [ RunTime:0.000028s ]
INFO: [ app_begin ] --END-- [ RunTime:0.000094s ]
NOTIC: [2] session_start(): open(/var/lib/php/session/sess_amv69c3ea5jnfujmtu3p3ft515, O_RDWR) failed: Permission denied (13) /data/html/one/ThinkPHP/Common/functions.php 第 1092 行.
SQL: SHOW COLUMNS FROM `one_compound` [ RunTime:0.000389s ]
NOTIC: [2] array_values() expects parameter 1 to be array, null given /data/html/one/Application/Home/Controller/IndexController.class.php 第 91 行.
NOTIC: [4096] Argument 1 passed to exit_json() must be of the type array, null given, called in /data/html/one/Application/Home/Controller/IndexController.class.php on line 92 and defined /data/html/one/Application/Common/Common/function.php 第 1098 行.

[ 2016-12-13T17:27:31+08:00 ] 58.62.17.190 /Home/Main/search_result.html
INFO: [ app_begin ] --START--
INFO: Run Behavior\ReadHtmlCache [ RunTime:0.000149s ]
INFO: [ app_begin ] --END-- [ RunTime:0.000370s ]
NOTIC: [2] session_start(): open(/var/lib/php/session/sess_amv69c3ea5jnfujmtu3p3ft515, O_RDWR) failed: Permission denied (13) /data/html/one/ThinkPHP/Common/functions.php 第 1092 行.
SQL: SHOW COLUMNS FROM `one_compound` [ RunTime:0.000783s ]
SQL: SHOW COLUMNS FROM `one_compound` [ RunTime:0.000371s ]
SQL: SELECT COUNT(*) AS tp_count FROM `one_compound` WHERE ( `c_chemicals` LIKE '%C2H5OH%' ) LIMIT 1   [ RunTime:0.000918s ]
SQL: SHOW COLUMNS FROM `one_compound` [ RunTime:0.000333s ]
SQL: SELECT `id`,`c_chemicals`,`c_name1`,`c_name2`,`c_cas`,`c_img` FROM `one_compound` WHERE ( `c_chemicals` LIKE '%C2H5OH%' ) LIMIT 0,20   [ RunTime:0.000702s ]
NOTIC: [2] array_values() expects parameter 1 to be array, null given /data/html/one/Application/Home/Controller/MainController.class.php 第 21 行.
NOTIC: [2] in_array() expects parameter 2 to be array, null given /data/html/one/Application/Home/Controller/MainController.class.php 第 24 行.

[ 2016-12-13T17:27:33+08:00 ] 58.62.17.190 /Home/Index/add.html
INFO: [ app_begin ] --START--
INFO: Run Behavior\ReadHtmlCache [ RunTime:0.000027s ]
INFO: [ app_begin ] --END-- [ RunTime:0.000118s ]
NOTIC: [2] session_start(): open(/var/lib/php/session/sess_amv69c3ea5jnfujmtu3p3ft515, O_RDWR) failed: Permission denied (13) /data/html/one/ThinkPHP/Common/functions.php 第 1092 行.
SQL: SHOW COLUMNS FROM `one_compound` [ RunTime:0.000357s ]

[ 2016-12-13T17:27:34+08:00 ] 58.62.17.190 /Home/Index/list_marks.html
INFO: [ app_begin ] --START--
INFO: Run Behavior\ReadHtmlCache [ RunTime:0.000030s ]
INFO: [ app_begin ] --END-- [ RunTime:0.000126s ]
NOTIC: [2] session_start(): open(/var/lib/php/session/sess_amv69c3ea5jnfujmtu3p3ft515, O_RDWR) failed: Permission denied (13) /data/html/one/ThinkPHP/Common/functions.php 第 1092 行.
SQL: SHOW COLUMNS FROM `one_compound` [ RunTime:0.000464s ]

[ 2016-12-13T17:27:36+08:00 ] 58.62.17.190 /Home/Index/list_marks.html
INFO: [ app_begin ] --START--
INFO: Run Behavior\ReadHtmlCache [ RunTime:0.000038s ]
INFO: [ app_begin ] --END-- [ RunTime:0.000135s ]
NOTIC: [2] session_start(): open(/var/lib/php/session/sess_amv69c3ea5jnfujmtu3p3ft515, O_RDWR) failed: Permission denied (13) /data/html/one/ThinkPHP/Common/functions.php 第 1092 行.
SQL: SHOW COLUMNS FROM `one_compound` [ RunTime:0.000828s ]

[ 2016-12-13T17:27:36+08:00 ] 58.62.17.190 /Home/Main/reaction_list.html
INFO: [ app_begin ] --START--
INFO: Run Behavior\ReadHtmlCache [ RunTime:0.000040s ]
INFO: [ app_begin ] --END-- [ RunTime:0.000166s ]
NOTIC: [2] session_start(): open(/var/lib/php/session/sess_amv69c3ea5jnfujmtu3p3ft515, O_RDWR) failed: Permission denied (13) /data/html/one/ThinkPHP/Common/functions.php 第 1092 行.
SQL: SHOW COLUMNS FROM `one_compound` [ RunTime:0.000628s ]
SQL: SHOW COLUMNS FROM `one_compound_reaction` [ RunTime:0.001799s ]
SQL: SELECT * FROM `one_compound_reaction` WHERE ( `r_reactant1` = 'C2H5OH' )  [ RunTime:0.003672s ]

[ 2016-12-13T17:33:17+08:00 ] 58.62.17.190 /Home/Main/reaction_list.html
INFO: [ app_begin ] --START--
INFO: Run Behavior\ReadHtmlCache [ RunTime:0.000031s ]
INFO: [ app_begin ] --END-- [ RunTime:0.000110s ]
NOTIC: [2] session_start(): open(/var/lib/php/session/sess_amv69c3ea5jnfujmtu3p3ft515, O_RDWR) failed: Permission denied (13) /data/html/one/ThinkPHP/Common/functions.php 第 1092 行.
SQL: SHOW COLUMNS FROM `one_compound` [ RunTime:0.000389s ]
SQL: SHOW COLUMNS FROM `one_compound_reaction` [ RunTime:0.000411s ]
SQL: SELECT * FROM `one_compound_reaction` WHERE ( `r_reactant1` = 'C2H5OH' )  [ RunTime:0.000779s ]

[ 2016-12-13T17:33:17+08:00 ] 58.62.17.190 /Home/Index/list_marks.html
INFO: [ app_begin ] --START--
INFO: Run Behavior\ReadHtmlCache [ RunTime:0.000030s ]
INFO: [ app_begin ] --END-- [ RunTime:0.000093s ]
NOTIC: [2] session_start(): open(/var/lib/php/session/sess_amv69c3ea5jnfujmtu3p3ft515, O_RDWR) failed: Permission denied (13) /data/html/one/ThinkPHP/Common/functions.php 第 1092 行.
SQL: SHOW COLUMNS FROM `one_compound` [ RunTime:0.000594s ]

[ 2016-12-13T18:16:23+08:00 ] 58.62.17.190 /Home/Index/list_marks.html
INFO: [ app_begin ] --START--
INFO: Run Behavior\ReadHtmlCache [ RunTime:0.000035s ]
INFO: [ app_begin ] --END-- [ RunTime:0.000115s ]
NOTIC: [2] session_start(): open(/var/lib/php/session/sess_amv69c3ea5jnfujmtu3p3ft515, O_RDWR) failed: Permission denied (13) /data/html/one/ThinkPHP/Common/functions.php 第 1092 行.
SQL: SHOW COLUMNS FROM `one_compound` [ RunTime:0.001480s ]

[ 2016-12-13T18:16:23+08:00 ] 58.62.17.190 /Home/Main/reaction_list.html
INFO: [ app_begin ] --START--
INFO: Run Behavior\ReadHtmlCache [ RunTime:0.000044s ]
INFO: [ app_begin ] --END-- [ RunTime:0.000187s ]
NOTIC: [2] session_start(): open(/var/lib/php/session/sess_amv69c3ea5jnfujmtu3p3ft515, O_RDWR) failed: Permission denied (13) /data/html/one/ThinkPHP/Common/functions.php 第 1092 行.
SQL: SHOW COLUMNS FROM `one_compound` [ RunTime:0.000593s ]
SQL: SHOW COLUMNS FROM `one_compound_reaction` [ RunTime:0.000314s ]
SQL: SELECT * FROM `one_compound_reaction` WHERE ( `r_reactant1` = 'C2H5OH' )  [ RunTime:0.000289s ]
SQL: SHOW COLUMNS FROM `one_compound` [ RunTime:0.000328s ]
SQL: SELECT `c_chemicals`,`c_name1`,`c_name2` FROM `one_compound` WHERE ( `c_chemicals` = 'C2H5OH' ) LIMIT 1   [ RunTime:0.000188s ]

