[ 2016-11-28T19:17:57+08:00 ] 14.145.48.14 /Home/Index/list_marks.html
INFO: [ app_begin ] --START--
INFO: Run Behavior\ReadHtmlCache [ RunTime:0.000029s ]
INFO: [ app_begin ] --END-- [ RunTime:0.000093s ]
NOTIC: [2] session_start(): open(/var/lib/php/session/sess_7g39equn1jcdbrhhah4uoef1j0, O_RDWR) failed: Permission denied (13) /data/html/one/ThinkPHP/Common/functions.php 第 1092 行.
NOTIC: [2] array_values() expects parameter 1 to be array, null given /data/html/one/Application/Home/Controller/IndexController.class.php 第 88 行.
NOTIC: [4096] Argument 1 passed to exit_json() must be of the type array, null given, called in /data/html/one/Application/Home/Controller/IndexController.class.php on line 89 and defined /data/html/one/Application/Common/Common/function.php 第 1098 行.

[ 2016-11-28T19:17:58+08:00 ] 14.145.48.14 /Home/Index/list_marks.html
INFO: [ app_begin ] --START--
INFO: Run Behavior\ReadHtmlCache [ RunTime:0.000033s ]
INFO: [ app_begin ] --END-- [ RunTime:0.000112s ]
NOTIC: [2] session_start(): open(/var/lib/php/session/sess_7g39equn1jcdbrhhah4uoef1j0, O_RDWR) failed: Permission denied (13) /data/html/one/ThinkPHP/Common/functions.php 第 1092 行.
NOTIC: [2] array_values() expects parameter 1 to be array, null given /data/html/one/Application/Home/Controller/IndexController.class.php 第 88 行.
NOTIC: [4096] Argument 1 passed to exit_json() must be of the type array, null given, called in /data/html/one/Application/Home/Controller/IndexController.class.php on line 89 and defined /data/html/one/Application/Common/Common/function.php 第 1098 行.

[ 2016-11-28T19:18:07+08:00 ] 14.145.48.14 /Admin/Public/login.html
INFO: [ view_parse ] --START--
INFO: [ template_filter ] --START--
INFO: Run Behavior\ContentReplace [ RunTime:0.000416s ]
INFO: [ template_filter ] --END-- [ RunTime:0.000496s ]
INFO: Run Behavior\ParseTemplate [ RunTime:0.007493s ]
INFO: [ view_parse ] --END-- [ RunTime:0.007892s ]
INFO: [ view_filter ] --START--
INFO: Run Behavior\WriteHtmlCache [ RunTime:0.000048s ]
INFO: [ view_filter ] --END-- [ RunTime:0.000102s ]
INFO: [ app_end ] --START--
INFO: Run Behavior\ShowPageTrace [ RunTime:0.000041s ]
INFO: [ app_end ] --END-- [ RunTime:0.000096s ]

[ 2016-11-28T21:05:23+08:00 ] 116.22.16.212 /Home/Index/list_marks.html
INFO: [ app_begin ] --START--
INFO: Run Behavior\ReadHtmlCache [ RunTime:0.000070s ]
INFO: [ app_begin ] --END-- [ RunTime:0.000165s ]
NOTIC: [2] session_start(): open(/var/lib/php/session/sess_efl2pjg7nloin6n8si90cjmln3, O_RDWR) failed: Permission denied (13) /data/html/one/ThinkPHP/Common/functions.php 第 1092 行.
NOTIC: [2] array_values() expects parameter 1 to be array, null given /data/html/one/Application/Home/Controller/IndexController.class.php 第 88 行.
NOTIC: [4096] Argument 1 passed to exit_json() must be of the type array, null given, called in /data/html/one/Application/Home/Controller/IndexController.class.php on line 89 and defined /data/html/one/Application/Common/Common/function.php 第 1098 行.

[ 2016-11-28T21:05:55+08:00 ] 116.22.16.212 /Home/Index/list_marks.html
INFO: [ app_begin ] --START--
INFO: Run Behavior\ReadHtmlCache [ RunTime:0.000030s ]
INFO: [ app_begin ] --END-- [ RunTime:0.000098s ]
NOTIC: [2] session_start(): open(/var/lib/php/session/sess_efl2pjg7nloin6n8si90cjmln3, O_RDWR) failed: Permission denied (13) /data/html/one/ThinkPHP/Common/functions.php 第 1092 行.
NOTIC: [2] array_values() expects parameter 1 to be array, null given /data/html/one/Application/Home/Controller/IndexController.class.php 第 88 行.
NOTIC: [4096] Argument 1 passed to exit_json() must be of the type array, null given, called in /data/html/one/Application/Home/Controller/IndexController.class.php on line 89 and defined /data/html/one/Application/Common/Common/function.php 第 1098 行.

[ 2016-11-28T21:07:22+08:00 ] 220.181.132.196 /Home/Index/list_marks.html
INFO: [ app_begin ] --START--
INFO: Run Behavior\ReadHtmlCache [ RunTime:0.000038s ]
INFO: [ app_begin ] --END-- [ RunTime:0.000193s ]
NOTIC: [2] session_start(): open(/var/lib/php/session/sess_fkrega438ol3k223kfru9jpgc0, O_RDWR) failed: Permission denied (13) /data/html/one/ThinkPHP/Common/functions.php 第 1092 行.
NOTIC: [2] array_values() expects parameter 1 to be array, null given /data/html/one/Application/Home/Controller/IndexController.class.php 第 88 行.
NOTIC: [4096] Argument 1 passed to exit_json() must be of the type array, null given, called in /data/html/one/Application/Home/Controller/IndexController.class.php on line 89 and defined /data/html/one/Application/Common/Common/function.php 第 1098 行.

[ 2016-11-28T21:08:28+08:00 ] 116.22.16.212 /Home/Index/list_marks.html
INFO: [ app_begin ] --START--
INFO: Run Behavior\ReadHtmlCache [ RunTime:0.000028s ]
INFO: [ app_begin ] --END-- [ RunTime:0.000099s ]
NOTIC: [2] session_start(): open(/var/lib/php/session/sess_efl2pjg7nloin6n8si90cjmln3, O_RDWR) failed: Permission denied (13) /data/html/one/ThinkPHP/Common/functions.php 第 1092 行.
NOTIC: [2] array_values() expects parameter 1 to be array, null given /data/html/one/Application/Home/Controller/IndexController.class.php 第 88 行.
NOTIC: [4096] Argument 1 passed to exit_json() must be of the type array, null given, called in /data/html/one/Application/Home/Controller/IndexController.class.php on line 89 and defined /data/html/one/Application/Common/Common/function.php 第 1098 行.

[ 2016-11-28T21:08:33+08:00 ] 116.22.16.212 /Home/Index/list_marks.html
INFO: [ app_begin ] --START--
INFO: Run Behavior\ReadHtmlCache [ RunTime:0.000027s ]
INFO: [ app_begin ] --END-- [ RunTime:0.000110s ]
NOTIC: [2] session_start(): open(/var/lib/php/session/sess_efl2pjg7nloin6n8si90cjmln3, O_RDWR) failed: Permission denied (13) /data/html/one/ThinkPHP/Common/functions.php 第 1092 行.
NOTIC: [2] array_values() expects parameter 1 to be array, null given /data/html/one/Application/Home/Controller/IndexController.class.php 第 88 行.
NOTIC: [4096] Argument 1 passed to exit_json() must be of the type array, null given, called in /data/html/one/Application/Home/Controller/IndexController.class.php on line 89 and defined /data/html/one/Application/Common/Common/function.php 第 1098 行.

[ 2016-11-28T21:08:34+08:00 ] 116.22.16.212 /Home/Main/search_result.html
INFO: [ app_begin ] --START--
INFO: Run Behavior\ReadHtmlCache [ RunTime:0.000038s ]
INFO: [ app_begin ] --END-- [ RunTime:0.000105s ]
NOTIC: [2] session_start(): open(/var/lib/php/session/sess_efl2pjg7nloin6n8si90cjmln3, O_RDWR) failed: Permission denied (13) /data/html/one/ThinkPHP/Common/functions.php 第 1092 行.
NOTIC: [2] mysqli::mysqli(): (HY000/1045): Access denied for user 'develop'@'localhost' (using password: YES) /data/html/one/ThinkPHP/Library/Think/Db/Driver/Mysqli.class.php 第 44 行.
ERR: Access denied for user 'develop'@'localhost' (using password: YES)

[ 2016-11-28T21:08:57+08:00 ] 220.181.132.199 /Home/Index/list_marks.html
INFO: [ app_begin ] --START--
INFO: Run Behavior\ReadHtmlCache [ RunTime:0.000030s ]
INFO: [ app_begin ] --END-- [ RunTime:0.000106s ]
NOTIC: [2] session_start(): open(/var/lib/php/session/sess_mia3m0gnu67v6f0m9qa0237k27, O_RDWR) failed: Permission denied (13) /data/html/one/ThinkPHP/Common/functions.php 第 1092 行.
NOTIC: [2] array_values() expects parameter 1 to be array, null given /data/html/one/Application/Home/Controller/IndexController.class.php 第 88 行.
NOTIC: [4096] Argument 1 passed to exit_json() must be of the type array, null given, called in /data/html/one/Application/Home/Controller/IndexController.class.php on line 89 and defined /data/html/one/Application/Common/Common/function.php 第 1098 行.

[ 2016-11-28T21:09:12+08:00 ] 116.22.16.212 /Home/Index/list_marks.html
INFO: [ app_begin ] --START--
INFO: Run Behavior\ReadHtmlCache [ RunTime:0.000033s ]
INFO: [ app_begin ] --END-- [ RunTime:0.000105s ]
NOTIC: [2] session_start(): open(/var/lib/php/session/sess_efl2pjg7nloin6n8si90cjmln3, O_RDWR) failed: Permission denied (13) /data/html/one/ThinkPHP/Common/functions.php 第 1092 行.
NOTIC: [2] array_values() expects parameter 1 to be array, null given /data/html/one/Application/Home/Controller/IndexController.class.php 第 88 行.
NOTIC: [4096] Argument 1 passed to exit_json() must be of the type array, null given, called in /data/html/one/Application/Home/Controller/IndexController.class.php on line 89 and defined /data/html/one/Application/Common/Common/function.php 第 1098 行.

[ 2016-11-28T21:09:16+08:00 ] 116.22.16.212 /Home/Main/search_result.html
INFO: [ app_begin ] --START--
INFO: Run Behavior\ReadHtmlCache [ RunTime:0.000030s ]
INFO: [ app_begin ] --END-- [ RunTime:0.000101s ]
NOTIC: [2] session_start(): open(/var/lib/php/session/sess_efl2pjg7nloin6n8si90cjmln3, O_RDWR) failed: Permission denied (13) /data/html/one/ThinkPHP/Common/functions.php 第 1092 行.
NOTIC: [2] mysqli::mysqli(): (HY000/1045): Access denied for user 'develop'@'localhost' (using password: YES) /data/html/one/ThinkPHP/Library/Think/Db/Driver/Mysqli.class.php 第 44 行.
ERR: Access denied for user 'develop'@'localhost' (using password: YES)

[ 2016-11-28T21:10:41+08:00 ] 101.199.112.53 /Home/Index/list_marks.html
INFO: [ app_begin ] --START--
INFO: Run Behavior\ReadHtmlCache [ RunTime:0.000030s ]
INFO: [ app_begin ] --END-- [ RunTime:0.000098s ]
NOTIC: [2] session_start(): open(/var/lib/php/session/sess_g4fhg613ab7qd0bjc5fmi4uvk3, O_RDWR) failed: Permission denied (13) /data/html/one/ThinkPHP/Common/functions.php 第 1092 行.
NOTIC: [2] array_values() expects parameter 1 to be array, null given /data/html/one/Application/Home/Controller/IndexController.class.php 第 88 行.
NOTIC: [4096] Argument 1 passed to exit_json() must be of the type array, null given, called in /data/html/one/Application/Home/Controller/IndexController.class.php on line 89 and defined /data/html/one/Application/Common/Common/function.php 第 1098 行.

[ 2016-11-28T21:10:44+08:00 ] 101.199.108.53 /Home/Index/list_marks.html
INFO: [ app_begin ] --START--
INFO: Run Behavior\ReadHtmlCache [ RunTime:0.000044s ]
INFO: [ app_begin ] --END-- [ RunTime:0.000123s ]
NOTIC: [2] session_start(): open(/var/lib/php/session/sess_ep96p3nku456vgfqfe9d1uo257, O_RDWR) failed: Permission denied (13) /data/html/one/ThinkPHP/Common/functions.php 第 1092 行.
NOTIC: [2] array_values() expects parameter 1 to be array, null given /data/html/one/Application/Home/Controller/IndexController.class.php 第 88 行.
NOTIC: [4096] Argument 1 passed to exit_json() must be of the type array, null given, called in /data/html/one/Application/Home/Controller/IndexController.class.php on line 89 and defined /data/html/one/Application/Common/Common/function.php 第 1098 行.

[ 2016-11-28T21:10:55+08:00 ] 101.199.112.45 /Home/Index/list_marks.html
INFO: [ app_begin ] --START--
INFO: Run Behavior\ReadHtmlCache [ RunTime:0.000048s ]
INFO: [ app_begin ] --END-- [ RunTime:0.000116s ]
NOTIC: [2] session_start(): open(/var/lib/php/session/sess_cskkciriguaegqmd57g6o1g3v6, O_RDWR) failed: Permission denied (13) /data/html/one/ThinkPHP/Common/functions.php 第 1092 行.
NOTIC: [2] array_values() expects parameter 1 to be array, null given /data/html/one/Application/Home/Controller/IndexController.class.php 第 88 行.
NOTIC: [4096] Argument 1 passed to exit_json() must be of the type array, null given, called in /data/html/one/Application/Home/Controller/IndexController.class.php on line 89 and defined /data/html/one/Application/Common/Common/function.php 第 1098 行.

[ 2016-11-28T21:11:28+08:00 ] 113.111.65.169 /Home/Index/list_marks.html
INFO: [ app_begin ] --START--
INFO: Run Behavior\ReadHtmlCache [ RunTime:0.000035s ]
INFO: [ app_begin ] --END-- [ RunTime:0.000115s ]
NOTIC: [2] session_start(): open(/var/lib/php/session/sess_efl2pjg7nloin6n8si90cjmln3, O_RDWR) failed: Permission denied (13) /data/html/one/ThinkPHP/Common/functions.php 第 1092 行.
NOTIC: [2] array_values() expects parameter 1 to be array, null given /data/html/one/Application/Home/Controller/IndexController.class.php 第 88 行.
NOTIC: [4096] Argument 1 passed to exit_json() must be of the type array, null given, called in /data/html/one/Application/Home/Controller/IndexController.class.php on line 89 and defined /data/html/one/Application/Common/Common/function.php 第 1098 行.

[ 2016-11-28T21:11:29+08:00 ] 113.111.65.169 /Home/Main/search_result.html
INFO: [ app_begin ] --START--
INFO: Run Behavior\ReadHtmlCache [ RunTime:0.000026s ]
INFO: [ app_begin ] --END-- [ RunTime:0.000087s ]
NOTIC: [2] session_start(): open(/var/lib/php/session/sess_efl2pjg7nloin6n8si90cjmln3, O_RDWR) failed: Permission denied (13) /data/html/one/ThinkPHP/Common/functions.php 第 1092 行.
SQL: SHOW COLUMNS FROM `one_compound` [ RunTime:0.002139s ]
SQL: SHOW COLUMNS FROM `one_compound` [ RunTime:0.000314s ]
SQL: SELECT COUNT(*) AS tp_count FROM `one_compound` WHERE ( `c_chemicals` LIKE '%C2H5O%' ) LIMIT 1   [ RunTime:0.000963s ]
SQL: SHOW COLUMNS FROM `one_compound` [ RunTime:0.004718s ]
SQL: SELECT `id`,`c_chemicals`,`c_name_one`,`c_name_sec`,`c_cas`,`c_img` FROM `one_compound` WHERE ( `c_chemicals` LIKE '%C2H5O%' ) LIMIT 0,20   [ RunTime:0.000196s ]
ERR: 1054:Unknown column 'c_name_one' in 'field list'
 [ SQL语句 ] : SELECT `id`,`c_chemicals`,`c_name_one`,`c_name_sec`,`c_cas`,`c_img` FROM `one_compound` WHERE ( `c_chemicals` LIKE '%C2H5O%' ) LIMIT 0,20  
NOTIC: [2] array_values() expects parameter 1 to be array, null given /data/html/one/Application/Home/Controller/MainController.class.php 第 21 行.
NOTIC: [2] Invalid argument supplied for foreach() /data/html/one/Application/Home/Controller/MainController.class.php 第 23 行.

[ 2016-11-28T21:11:31+08:00 ] 113.111.65.169 /Home/Main/search_result.html
INFO: [ app_begin ] --START--
INFO: Run Behavior\ReadHtmlCache [ RunTime:0.000030s ]
INFO: [ app_begin ] --END-- [ RunTime:0.000106s ]
NOTIC: [2] session_start(): open(/var/lib/php/session/sess_efl2pjg7nloin6n8si90cjmln3, O_RDWR) failed: Permission denied (13) /data/html/one/ThinkPHP/Common/functions.php 第 1092 行.
SQL: SHOW COLUMNS FROM `one_compound` [ RunTime:0.000475s ]
SQL: SHOW COLUMNS FROM `one_compound` [ RunTime:0.000374s ]
SQL: SELECT COUNT(*) AS tp_count FROM `one_compound` WHERE ( `c_chemicals` LIKE '%C2H5O%' ) LIMIT 1   [ RunTime:0.000227s ]
SQL: SHOW COLUMNS FROM `one_compound` [ RunTime:0.000524s ]
SQL: SELECT `id`,`c_chemicals`,`c_name_one`,`c_name_sec`,`c_cas`,`c_img` FROM `one_compound` WHERE ( `c_chemicals` LIKE '%C2H5O%' ) LIMIT 0,20   [ RunTime:0.000208s ]
ERR: 1054:Unknown column 'c_name_one' in 'field list'
 [ SQL语句 ] : SELECT `id`,`c_chemicals`,`c_name_one`,`c_name_sec`,`c_cas`,`c_img` FROM `one_compound` WHERE ( `c_chemicals` LIKE '%C2H5O%' ) LIMIT 0,20  
NOTIC: [2] array_values() expects parameter 1 to be array, null given /data/html/one/Application/Home/Controller/MainController.class.php 第 21 行.
NOTIC: [2] Invalid argument supplied for foreach() /data/html/one/Application/Home/Controller/MainController.class.php 第 23 行.

[ 2016-11-28T21:14:35+08:00 ] 113.111.65.169 /Home/Main/search_result.html
INFO: [ app_begin ] --START--
INFO: Run Behavior\ReadHtmlCache [ RunTime:0.000036s ]
INFO: [ app_begin ] --END-- [ RunTime:0.000107s ]
NOTIC: [2] session_start(): open(/var/lib/php/session/sess_efl2pjg7nloin6n8si90cjmln3, O_RDWR) failed: Permission denied (13) /data/html/one/ThinkPHP/Common/functions.php 第 1092 行.
SQL: SHOW COLUMNS FROM `one_compound` [ RunTime:0.000647s ]
SQL: SHOW COLUMNS FROM `one_compound` [ RunTime:0.000358s ]
SQL: SELECT COUNT(*) AS tp_count FROM `one_compound` WHERE ( `c_chemicals` LIKE '%C2H5O%' ) LIMIT 1   [ RunTime:0.000452s ]
SQL: SHOW COLUMNS FROM `one_compound` [ RunTime:0.000364s ]
SQL: SELECT `id`,`c_chemicals`,`c_name_one`,`c_name_sec`,`c_cas`,`c_img` FROM `one_compound` WHERE ( `c_chemicals` LIKE '%C2H5O%' ) LIMIT 0,20   [ RunTime:0.000182s ]
ERR: 1054:Unknown column 'c_name_one' in 'field list'
 [ SQL语句 ] : SELECT `id`,`c_chemicals`,`c_name_one`,`c_name_sec`,`c_cas`,`c_img` FROM `one_compound` WHERE ( `c_chemicals` LIKE '%C2H5O%' ) LIMIT 0,20  
NOTIC: [2] array_values() expects parameter 1 to be array, null given /data/html/one/Application/Home/Controller/MainController.class.php 第 21 行.
NOTIC: [2] Invalid argument supplied for foreach() /data/html/one/Application/Home/Controller/MainController.class.php 第 23 行.

[ 2016-11-28T21:14:42+08:00 ] 113.111.65.169 /Home/Main/search_result.html
INFO: [ app_begin ] --START--
INFO: Run Behavior\ReadHtmlCache [ RunTime:0.000032s ]
INFO: [ app_begin ] --END-- [ RunTime:0.000100s ]
NOTIC: [2] session_start(): open(/var/lib/php/session/sess_efl2pjg7nloin6n8si90cjmln3, O_RDWR) failed: Permission denied (13) /data/html/one/ThinkPHP/Common/functions.php 第 1092 行.
SQL: SHOW COLUMNS FROM `one_compound` [ RunTime:0.000333s ]
SQL: SHOW COLUMNS FROM `one_compound` [ RunTime:0.000287s ]
SQL: SELECT COUNT(*) AS tp_count FROM `one_compound` WHERE ( `c_chemicals` LIKE '%C2H5O%' ) LIMIT 1   [ RunTime:0.000216s ]
SQL: SHOW COLUMNS FROM `one_compound` [ RunTime:0.000311s ]
SQL: SELECT `id`,`c_chemicals`,`c_name_one`,`c_name_sec`,`c_cas`,`c_img` FROM `one_compound` WHERE ( `c_chemicals` LIKE '%C2H5O%' ) LIMIT 0,20   [ RunTime:0.000163s ]
ERR: 1054:Unknown column 'c_name_one' in 'field list'
 [ SQL语句 ] : SELECT `id`,`c_chemicals`,`c_name_one`,`c_name_sec`,`c_cas`,`c_img` FROM `one_compound` WHERE ( `c_chemicals` LIKE '%C2H5O%' ) LIMIT 0,20  

[ 2016-11-28T21:18:50+08:00 ] 113.111.65.169 /Home/Main/search_result.html
INFO: [ app_begin ] --START--
INFO: Run Behavior\ReadHtmlCache [ RunTime:0.000031s ]
INFO: [ app_begin ] --END-- [ RunTime:0.000104s ]
NOTIC: [2] session_start(): open(/var/lib/php/session/sess_efl2pjg7nloin6n8si90cjmln3, O_RDWR) failed: Permission denied (13) /data/html/one/ThinkPHP/Common/functions.php 第 1092 行.
SQL: SHOW COLUMNS FROM `one_compound` [ RunTime:0.000355s ]
SQL: SHOW COLUMNS FROM `one_compound` [ RunTime:0.000334s ]
SQL: SELECT COUNT(*) AS tp_count FROM `one_compound` WHERE ( `c_chemicals` LIKE '%C2H5O%' ) LIMIT 1   [ RunTime:0.000241s ]
SQL: SHOW COLUMNS FROM `one_compound` [ RunTime:0.000279s ]
SQL: SELECT `id`,`c_chemicals`,`c_name_one`,`c_name_sec`,`c_cas`,`c_img` FROM `one_compound` WHERE ( `c_chemicals` LIKE '%C2H5O%' ) LIMIT 0,20   [ RunTime:0.000193s ]
ERR: 1054:Unknown column 'c_name_one' in 'field list'
 [ SQL语句 ] : SELECT `id`,`c_chemicals`,`c_name_one`,`c_name_sec`,`c_cas`,`c_img` FROM `one_compound` WHERE ( `c_chemicals` LIKE '%C2H5O%' ) LIMIT 0,20  

[ 2016-11-28T21:18:59+08:00 ] 113.111.65.169 /Home/Main/search_result.html
INFO: [ app_begin ] --START--
INFO: Run Behavior\ReadHtmlCache [ RunTime:0.000047s ]
INFO: [ app_begin ] --END-- [ RunTime:0.000194s ]
NOTIC: [2] session_start(): open(/var/lib/php/session/sess_efl2pjg7nloin6n8si90cjmln3, O_RDWR) failed: Permission denied (13) /data/html/one/ThinkPHP/Common/functions.php 第 1092 行.
SQL: SHOW COLUMNS FROM `one_compound` [ RunTime:0.000490s ]
SQL: SHOW COLUMNS FROM `one_compound` [ RunTime:0.000525s ]
SQL: SELECT COUNT(*) AS tp_count FROM `one_compound` WHERE ( `c_chemicals` LIKE '%C2H5O%' ) LIMIT 1   [ RunTime:0.000337s ]
SQL: SHOW COLUMNS FROM `one_compound` [ RunTime:0.000762s ]
SQL: SELECT `id`,`c_chemicals`,`c_name1`,`c_name2`,`c_cas`,`c_img` FROM `one_compound` WHERE ( `c_chemicals` LIKE '%C2H5O%' ) LIMIT 0,20   [ RunTime:0.000206s ]
NOTIC: [2] array_values() expects parameter 1 to be array, null given /data/html/one/Application/Home/Controller/MainController.class.php 第 21 行.
NOTIC: [2] array_map(): Argument #2 should be an array /data/html/one/ThinkPHP/Common/functions.php 第 1308 行.
NOTIC: [2] in_array() expects parameter 2 to be array, null given /data/html/one/ThinkPHP/Common/functions.php 第 1308 行.
NOTIC: [2] array_map(): Argument #2 should be an array /data/html/one/ThinkPHP/Common/functions.php 第 1308 行.
NOTIC: [2] in_array() expects parameter 2 to be array, null given /data/html/one/ThinkPHP/Common/functions.php 第 1308 行.

[ 2016-11-28T21:23:57+08:00 ] 113.111.65.169 /Home/Index/add.html
INFO: [ app_begin ] --START--
INFO: Run Behavior\ReadHtmlCache [ RunTime:0.000031s ]
INFO: [ app_begin ] --END-- [ RunTime:0.000109s ]
NOTIC: [2] session_start(): open(/var/lib/php/session/sess_efl2pjg7nloin6n8si90cjmln3, O_RDWR) failed: Permission denied (13) /data/html/one/ThinkPHP/Common/functions.php 第 1092 行.

[ 2016-11-28T21:23:57+08:00 ] 113.111.65.169 /Home/Index/del.html
INFO: [ app_begin ] --START--
INFO: Run Behavior\ReadHtmlCache [ RunTime:0.000032s ]
INFO: [ app_begin ] --END-- [ RunTime:0.000099s ]
NOTIC: [2] session_start(): open(/var/lib/php/session/sess_efl2pjg7nloin6n8si90cjmln3, O_RDWR) failed: Permission denied (13) /data/html/one/ThinkPHP/Common/functions.php 第 1092 行.

[ 2016-11-28T21:23:58+08:00 ] 113.111.65.169 /Home/Index/list_marks.html
INFO: [ app_begin ] --START--
INFO: Run Behavior\ReadHtmlCache [ RunTime:0.000030s ]
INFO: [ app_begin ] --END-- [ RunTime:0.000094s ]
NOTIC: [2] session_start(): open(/var/lib/php/session/sess_efl2pjg7nloin6n8si90cjmln3, O_RDWR) failed: Permission denied (13) /data/html/one/ThinkPHP/Common/functions.php 第 1092 行.

[ 2016-11-28T21:24:01+08:00 ] 113.111.65.169 /Home/Main/search_result.html
INFO: [ app_begin ] --START--
INFO: Run Behavior\ReadHtmlCache [ RunTime:0.000045s ]
INFO: [ app_begin ] --END-- [ RunTime:0.000338s ]
NOTIC: [2] session_start(): open(/var/lib/php/session/sess_efl2pjg7nloin6n8si90cjmln3, O_RDWR) failed: Permission denied (13) /data/html/one/ThinkPHP/Common/functions.php 第 1092 行.
SQL: SHOW COLUMNS FROM `one_compound` [ RunTime:0.000499s ]
SQL: SHOW COLUMNS FROM `one_compound` [ RunTime:0.000563s ]
SQL: SELECT COUNT(*) AS tp_count FROM `one_compound` WHERE ( `c_chemicals` LIKE '%C2H5O%' ) LIMIT 1   [ RunTime:0.000540s ]
SQL: SHOW COLUMNS FROM `one_compound` [ RunTime:0.000301s ]
SQL: SELECT `id`,`c_chemicals`,`c_name1`,`c_name2`,`c_cas`,`c_img` FROM `one_compound` WHERE ( `c_chemicals` LIKE '%C2H5O%' ) LIMIT 0,20   [ RunTime:0.000193s ]

[ 2016-11-28T21:25:13+08:00 ] 113.111.65.169 /Home/Main/reaction_list.html
INFO: [ app_begin ] --START--
INFO: Run Behavior\ReadHtmlCache [ RunTime:0.000036s ]
INFO: [ app_begin ] --END-- [ RunTime:0.000140s ]
NOTIC: [2] session_start(): open(/var/lib/php/session/sess_efl2pjg7nloin6n8si90cjmln3, O_RDWR) failed: Permission denied (13) /data/html/one/ThinkPHP/Common/functions.php 第 1092 行.
SQL: SHOW COLUMNS FROM `one_compound` [ RunTime:0.000402s ]
SQL: SHOW COLUMNS FROM `one_compound_relation` [ RunTime:0.000367s ]
SQL: SELECT * FROM `one_compound_relation`  [ RunTime:0.000428s ]

[ 2016-11-28T21:25:14+08:00 ] 113.111.65.169 /Home/Index/list_marks.html
INFO: [ app_begin ] --START--
INFO: Run Behavior\ReadHtmlCache [ RunTime:0.000027s ]
INFO: [ app_begin ] --END-- [ RunTime:0.000151s ]
NOTIC: [2] session_start(): open(/var/lib/php/session/sess_efl2pjg7nloin6n8si90cjmln3, O_RDWR) failed: Permission denied (13) /data/html/one/ThinkPHP/Common/functions.php 第 1092 行.

[ 2016-11-28T21:25:16+08:00 ] 113.111.65.169 /Home/Index/list_marks.html
INFO: [ app_begin ] --START--
INFO: Run Behavior\ReadHtmlCache [ RunTime:0.000033s ]
INFO: [ app_begin ] --END-- [ RunTime:0.000105s ]
NOTIC: [2] session_start(): open(/var/lib/php/session/sess_efl2pjg7nloin6n8si90cjmln3, O_RDWR) failed: Permission denied (13) /data/html/one/ThinkPHP/Common/functions.php 第 1092 行.

[ 2016-11-28T21:25:17+08:00 ] 113.111.65.169 /Home/Main/search_result.html
INFO: [ app_begin ] --START--
INFO: Run Behavior\ReadHtmlCache [ RunTime:0.000029s ]
INFO: [ app_begin ] --END-- [ RunTime:0.000106s ]
NOTIC: [2] session_start(): open(/var/lib/php/session/sess_efl2pjg7nloin6n8si90cjmln3, O_RDWR) failed: Permission denied (13) /data/html/one/ThinkPHP/Common/functions.php 第 1092 行.
SQL: SHOW COLUMNS FROM `one_compound` [ RunTime:0.000347s ]
SQL: SHOW COLUMNS FROM `one_compound` [ RunTime:0.000657s ]
SQL: SELECT COUNT(*) AS tp_count FROM `one_compound` WHERE ( `c_chemicals` LIKE '%C2H5O%' ) LIMIT 1   [ RunTime:0.000258s ]
SQL: SHOW COLUMNS FROM `one_compound` [ RunTime:0.000360s ]
SQL: SELECT `id`,`c_chemicals`,`c_name1`,`c_name2`,`c_cas`,`c_img` FROM `one_compound` WHERE ( `c_chemicals` LIKE '%C2H5O%' ) LIMIT 0,20   [ RunTime:0.000247s ]

[ 2016-11-28T21:25:20+08:00 ] 113.111.65.169 /Home/Index/list_marks.html
INFO: [ app_begin ] --START--
INFO: Run Behavior\ReadHtmlCache [ RunTime:0.000041s ]
INFO: [ app_begin ] --END-- [ RunTime:0.000143s ]
NOTIC: [2] session_start(): open(/var/lib/php/session/sess_efl2pjg7nloin6n8si90cjmln3, O_RDWR) failed: Permission denied (13) /data/html/one/ThinkPHP/Common/functions.php 第 1092 行.

[ 2016-11-28T21:25:20+08:00 ] 113.111.65.169 /Home/Main/reaction_list.html
INFO: [ app_begin ] --START--
INFO: Run Behavior\ReadHtmlCache [ RunTime:0.000034s ]
INFO: [ app_begin ] --END-- [ RunTime:0.000129s ]
NOTIC: [2] session_start(): open(/var/lib/php/session/sess_efl2pjg7nloin6n8si90cjmln3, O_RDWR) failed: Permission denied (13) /data/html/one/ThinkPHP/Common/functions.php 第 1092 行.
SQL: SHOW COLUMNS FROM `one_compound` [ RunTime:0.000427s ]
SQL: SHOW COLUMNS FROM `one_compound_relation` [ RunTime:0.000390s ]
SQL: SELECT * FROM `one_compound_relation`  [ RunTime:0.000171s ]

[ 2016-11-28T21:27:17+08:00 ] 101.199.112.50 /Home/Index/list_marks.html
INFO: [ app_begin ] --START--
INFO: Run Behavior\ReadHtmlCache [ RunTime:0.000036s ]
INFO: [ app_begin ] --END-- [ RunTime:0.000138s ]
NOTIC: [2] session_start(): open(/var/lib/php/session/sess_5pjvacp18jpdggc8shst3aopo5, O_RDWR) failed: Permission denied (13) /data/html/one/ThinkPHP/Common/functions.php 第 1092 行.
NOTIC: [2] array_values() expects parameter 1 to be array, null given /data/html/one/Application/Home/Controller/IndexController.class.php 第 88 行.
NOTIC: [4096] Argument 1 passed to exit_json() must be of the type array, null given, called in /data/html/one/Application/Home/Controller/IndexController.class.php on line 89 and defined /data/html/one/Application/Common/Common/function.php 第 1098 行.

[ 2016-11-28T21:27:17+08:00 ] 101.199.112.50 /Home/Main/reaction_list.html
INFO: [ app_begin ] --START--
INFO: Run Behavior\ReadHtmlCache [ RunTime:0.000136s ]
INFO: [ app_begin ] --END-- [ RunTime:0.000228s ]
NOTIC: [2] session_start(): open(/var/lib/php/session/sess_5pjvacp18jpdggc8shst3aopo5, O_RDWR) failed: Permission denied (13) /data/html/one/ThinkPHP/Common/functions.php 第 1092 行.
SQL: SHOW COLUMNS FROM `one_compound` [ RunTime:0.000872s ]
SQL: SHOW COLUMNS FROM `one_compound_relation` [ RunTime:0.000538s ]
SQL: SELECT * FROM `one_compound_relation`  [ RunTime:0.000277s ]

[ 2016-11-28T21:28:09+08:00 ] 101.199.108.57 /Home/Index/list_marks.html
INFO: [ app_begin ] --START--
INFO: Run Behavior\ReadHtmlCache [ RunTime:0.000025s ]
INFO: [ app_begin ] --END-- [ RunTime:0.000096s ]
NOTIC: [2] session_start(): open(/var/lib/php/session/sess_adnsdi9j6i7gu2j0b0orvqsro6, O_RDWR) failed: Permission denied (13) /data/html/one/ThinkPHP/Common/functions.php 第 1092 行.
NOTIC: [2] array_values() expects parameter 1 to be array, null given /data/html/one/Application/Home/Controller/IndexController.class.php 第 88 行.
NOTIC: [4096] Argument 1 passed to exit_json() must be of the type array, null given, called in /data/html/one/Application/Home/Controller/IndexController.class.php on line 89 and defined /data/html/one/Application/Common/Common/function.php 第 1098 行.

[ 2016-11-28T21:28:09+08:00 ] 101.199.108.57 /Home/Main/reaction_list.html
INFO: [ app_begin ] --START--
INFO: Run Behavior\ReadHtmlCache [ RunTime:0.000030s ]
INFO: [ app_begin ] --END-- [ RunTime:0.000102s ]
NOTIC: [2] session_start(): open(/var/lib/php/session/sess_adnsdi9j6i7gu2j0b0orvqsro6, O_RDWR) failed: Permission denied (13) /data/html/one/ThinkPHP/Common/functions.php 第 1092 行.
SQL: SHOW COLUMNS FROM `one_compound` [ RunTime:0.000369s ]
SQL: SHOW COLUMNS FROM `one_compound_relation` [ RunTime:0.000315s ]
SQL: SELECT * FROM `one_compound_relation`  [ RunTime:0.000212s ]

[ 2016-11-28T21:29:02+08:00 ] 113.111.65.169 /Home/Main/reaction_list.html
INFO: [ app_begin ] --START--
INFO: Run Behavior\ReadHtmlCache [ RunTime:0.000034s ]
INFO: [ app_begin ] --END-- [ RunTime:0.000153s ]
NOTIC: [2] session_start(): open(/var/lib/php/session/sess_efl2pjg7nloin6n8si90cjmln3, O_RDWR) failed: Permission denied (13) /data/html/one/ThinkPHP/Common/functions.php 第 1092 行.
SQL: SHOW COLUMNS FROM `one_compound` [ RunTime:0.000734s ]
SQL: SHOW COLUMNS FROM `one_compound_relation` [ RunTime:0.000773s ]
SQL: SELECT * FROM `one_compound_relation`  [ RunTime:0.000183s ]

[ 2016-11-28T21:29:02+08:00 ] 113.111.65.169 /Home/Index/list_marks.html
INFO: [ app_begin ] --START--
INFO: Run Behavior\ReadHtmlCache [ RunTime:0.000059s ]
INFO: [ app_begin ] --END-- [ RunTime:0.000133s ]
NOTIC: [2] session_start(): open(/var/lib/php/session/sess_efl2pjg7nloin6n8si90cjmln3, O_RDWR) failed: Permission denied (13) /data/html/one/ThinkPHP/Common/functions.php 第 1092 行.

[ 2016-11-28T21:29:04+08:00 ] 113.111.65.169 /Home/Index/list_marks.html
INFO: [ app_begin ] --START--
INFO: Run Behavior\ReadHtmlCache [ RunTime:0.000040s ]
INFO: [ app_begin ] --END-- [ RunTime:0.000121s ]
NOTIC: [2] session_start(): open(/var/lib/php/session/sess_efl2pjg7nloin6n8si90cjmln3, O_RDWR) failed: Permission denied (13) /data/html/one/ThinkPHP/Common/functions.php 第 1092 行.

[ 2016-11-28T21:29:04+08:00 ] 113.111.65.169 /Home/Main/reaction_list.html
INFO: [ app_begin ] --START--
INFO: Run Behavior\ReadHtmlCache [ RunTime:0.000026s ]
INFO: [ app_begin ] --END-- [ RunTime:0.000099s ]
NOTIC: [2] session_start(): open(/var/lib/php/session/sess_efl2pjg7nloin6n8si90cjmln3, O_RDWR) failed: Permission denied (13) /data/html/one/ThinkPHP/Common/functions.php 第 1092 行.
SQL: SHOW COLUMNS FROM `one_compound` [ RunTime:0.000627s ]
SQL: SHOW COLUMNS FROM `one_compound_relation` [ RunTime:0.000569s ]
SQL: SELECT * FROM `one_compound_relation`  [ RunTime:0.000183s ]

[ 2016-11-28T21:29:06+08:00 ] 113.111.65.169 /Home/Index/list_marks.html
INFO: [ app_begin ] --START--
INFO: Run Behavior\ReadHtmlCache [ RunTime:0.000029s ]
INFO: [ app_begin ] --END-- [ RunTime:0.000094s ]
NOTIC: [2] session_start(): open(/var/lib/php/session/sess_efl2pjg7nloin6n8si90cjmln3, O_RDWR) failed: Permission denied (13) /data/html/one/ThinkPHP/Common/functions.php 第 1092 行.

[ 2016-11-28T21:29:06+08:00 ] 113.111.65.169 /Home/Main/reaction_list.html
INFO: [ app_begin ] --START--
INFO: Run Behavior\ReadHtmlCache [ RunTime:0.000044s ]
INFO: [ app_begin ] --END-- [ RunTime:0.000122s ]
NOTIC: [2] session_start(): open(/var/lib/php/session/sess_efl2pjg7nloin6n8si90cjmln3, O_RDWR) failed: Permission denied (13) /data/html/one/ThinkPHP/Common/functions.php 第 1092 行.
SQL: SHOW COLUMNS FROM `one_compound` [ RunTime:0.000395s ]
SQL: SHOW COLUMNS FROM `one_compound_relation` [ RunTime:0.000402s ]
SQL: SELECT * FROM `one_compound_relation`  [ RunTime:0.000181s ]

[ 2016-11-28T21:29:15+08:00 ] 113.111.65.169 /Home/Main/reaction_list.html
INFO: [ app_begin ] --START--
INFO: Run Behavior\ReadHtmlCache [ RunTime:0.000043s ]
INFO: [ app_begin ] --END-- [ RunTime:0.000303s ]
NOTIC: [2] session_start(): open(/var/lib/php/session/sess_efl2pjg7nloin6n8si90cjmln3, O_RDWR) failed: Permission denied (13) /data/html/one/ThinkPHP/Common/functions.php 第 1092 行.
SQL: SHOW COLUMNS FROM `one_compound` [ RunTime:0.000466s ]
SQL: SHOW COLUMNS FROM `one_compound_relation` [ RunTime:0.000438s ]
SQL: SELECT * FROM `one_compound_relation`  [ RunTime:0.000261s ]

[ 2016-11-28T21:29:15+08:00 ] 113.111.65.169 /Home/Index/list_marks.html
INFO: [ app_begin ] --START--
INFO: Run Behavior\ReadHtmlCache [ RunTime:0.000039s ]
INFO: [ app_begin ] --END-- [ RunTime:0.000132s ]
NOTIC: [2] session_start(): open(/var/lib/php/session/sess_efl2pjg7nloin6n8si90cjmln3, O_RDWR) failed: Permission denied (13) /data/html/one/ThinkPHP/Common/functions.php 第 1092 行.

[ 2016-11-28T21:29:19+08:00 ] 113.111.65.169 /Home/Index/list_marks.html
INFO: [ app_begin ] --START--
INFO: Run Behavior\ReadHtmlCache [ RunTime:0.000050s ]
INFO: [ app_begin ] --END-- [ RunTime:0.000144s ]
NOTIC: [2] session_start(): open(/var/lib/php/session/sess_efl2pjg7nloin6n8si90cjmln3, O_RDWR) failed: Permission denied (13) /data/html/one/ThinkPHP/Common/functions.php 第 1092 行.

[ 2016-11-28T21:29:30+08:00 ] 113.111.65.169 /Home/Main/search_result.html
INFO: [ app_begin ] --START--
INFO: Run Behavior\ReadHtmlCache [ RunTime:0.000033s ]
INFO: [ app_begin ] --END-- [ RunTime:0.000141s ]
NOTIC: [2] session_start(): open(/var/lib/php/session/sess_efl2pjg7nloin6n8si90cjmln3, O_RDWR) failed: Permission denied (13) /data/html/one/ThinkPHP/Common/functions.php 第 1092 行.
SQL: SHOW COLUMNS FROM `one_compound` [ RunTime:0.000391s ]
SQL: SHOW COLUMNS FROM `one_compound` [ RunTime:0.000344s ]
SQL: SELECT COUNT(*) AS tp_count FROM `one_compound` WHERE ( `c_chemicals` LIKE '%C2H5O%' ) LIMIT 1   [ RunTime:0.000209s ]
SQL: SHOW COLUMNS FROM `one_compound` [ RunTime:0.000304s ]
SQL: SELECT `id`,`c_chemicals`,`c_name1`,`c_name2`,`c_cas`,`c_img` FROM `one_compound` WHERE ( `c_chemicals` LIKE '%C2H5O%' ) LIMIT 0,20   [ RunTime:0.000246s ]

[ 2016-11-28T21:29:55+08:00 ] 113.111.65.169 /Home/Index/list_marks.html
INFO: [ app_begin ] --START--
INFO: Run Behavior\ReadHtmlCache [ RunTime:0.000056s ]
INFO: [ app_begin ] --END-- [ RunTime:0.000155s ]
NOTIC: [2] session_start(): open(/var/lib/php/session/sess_efl2pjg7nloin6n8si90cjmln3, O_RDWR) failed: Permission denied (13) /data/html/one/ThinkPHP/Common/functions.php 第 1092 行.

[ 2016-11-28T21:29:56+08:00 ] 113.111.65.169 /Home/Main/search_result.html
INFO: [ app_begin ] --START--
INFO: Run Behavior\ReadHtmlCache [ RunTime:0.000034s ]
INFO: [ app_begin ] --END-- [ RunTime:0.000121s ]
NOTIC: [2] session_start(): open(/var/lib/php/session/sess_efl2pjg7nloin6n8si90cjmln3, O_RDWR) failed: Permission denied (13) /data/html/one/ThinkPHP/Common/functions.php 第 1092 行.
SQL: SHOW COLUMNS FROM `one_compound` [ RunTime:0.000508s ]
SQL: SHOW COLUMNS FROM `one_compound` [ RunTime:0.000405s ]
SQL: SELECT COUNT(*) AS tp_count FROM `one_compound` WHERE ( `c_chemicals` LIKE '%C2H5O%' ) LIMIT 1   [ RunTime:0.000282s ]
SQL: SHOW COLUMNS FROM `one_compound` [ RunTime:0.000328s ]
SQL: SELECT `id`,`c_chemicals`,`c_name1`,`c_name2`,`c_cas`,`c_img` FROM `one_compound` WHERE ( `c_chemicals` LIKE '%C2H5O%' ) LIMIT 0,20   [ RunTime:0.000138s ]

[ 2016-11-28T21:30:08+08:00 ] 113.111.65.169 /Home/Index/list_marks.html
INFO: [ app_begin ] --START--
INFO: Run Behavior\ReadHtmlCache [ RunTime:0.000035s ]
INFO: [ app_begin ] --END-- [ RunTime:0.000126s ]
NOTIC: [2] session_start(): open(/var/lib/php/session/sess_efl2pjg7nloin6n8si90cjmln3, O_RDWR) failed: Permission denied (13) /data/html/one/ThinkPHP/Common/functions.php 第 1092 行.

[ 2016-11-28T21:30:08+08:00 ] 113.111.65.169 /Home/Main/reaction_list.html
INFO: [ app_begin ] --START--
INFO: Run Behavior\ReadHtmlCache [ RunTime:0.000043s ]
INFO: [ app_begin ] --END-- [ RunTime:0.000141s ]
NOTIC: [2] session_start(): open(/var/lib/php/session/sess_efl2pjg7nloin6n8si90cjmln3, O_RDWR) failed: Permission denied (13) /data/html/one/ThinkPHP/Common/functions.php 第 1092 行.
SQL: SHOW COLUMNS FROM `one_compound` [ RunTime:0.000388s ]
SQL: SHOW COLUMNS FROM `one_compound_relation` [ RunTime:0.000364s ]
SQL: SELECT * FROM `one_compound_relation`  [ RunTime:0.000241s ]

[ 2016-11-28T21:30:49+08:00 ] 113.111.65.169 /Home/Index/list_marks.html
INFO: [ app_begin ] --START--
INFO: Run Behavior\ReadHtmlCache [ RunTime:0.000030s ]
INFO: [ app_begin ] --END-- [ RunTime:0.000100s ]
NOTIC: [2] session_start(): open(/var/lib/php/session/sess_efl2pjg7nloin6n8si90cjmln3, O_RDWR) failed: Permission denied (13) /data/html/one/ThinkPHP/Common/functions.php 第 1092 行.

[ 2016-11-28T21:30:49+08:00 ] 113.111.65.169 /Home/Main/reaction_list.html
INFO: [ app_begin ] --START--
INFO: Run Behavior\ReadHtmlCache [ RunTime:0.000027s ]
INFO: [ app_begin ] --END-- [ RunTime:0.000147s ]
NOTIC: [2] session_start(): open(/var/lib/php/session/sess_efl2pjg7nloin6n8si90cjmln3, O_RDWR) failed: Permission denied (13) /data/html/one/ThinkPHP/Common/functions.php 第 1092 行.
SQL: SHOW COLUMNS FROM `one_compound` [ RunTime:0.000580s ]
SQL: SHOW COLUMNS FROM `one_compound_relation` [ RunTime:0.000377s ]
SQL: SELECT * FROM `one_compound_relation`  [ RunTime:0.001711s ]

[ 2016-11-28T21:38:28+08:00 ] 113.111.65.169 /Admin/Public/login.html
INFO: [ view_parse ] --START--
INFO: [ template_filter ] --START--
INFO: Run Behavior\ContentReplace [ RunTime:0.000061s ]
INFO: [ template_filter ] --END-- [ RunTime:0.000130s ]
INFO: Run Behavior\ParseTemplate [ RunTime:0.008243s ]
INFO: [ view_parse ] --END-- [ RunTime:0.008356s ]
INFO: [ view_filter ] --START--
INFO: Run Behavior\WriteHtmlCache [ RunTime:0.000064s ]
INFO: [ view_filter ] --END-- [ RunTime:0.000139s ]
INFO: [ app_end ] --START--
INFO: Run Behavior\ShowPageTrace [ RunTime:0.000053s ]
INFO: [ app_end ] --END-- [ RunTime:0.000123s ]

[ 2016-11-28T21:40:49+08:00 ] 220.181.132.217 /Admin/Public/login.html
INFO: [ view_parse ] --START--
INFO: [ template_filter ] --START--
INFO: Run Behavior\ContentReplace [ RunTime:0.000087s ]
INFO: [ template_filter ] --END-- [ RunTime:0.000161s ]
INFO: Run Behavior\ParseTemplate [ RunTime:0.008704s ]
INFO: [ view_parse ] --END-- [ RunTime:0.008802s ]
INFO: [ view_filter ] --START--
INFO: Run Behavior\WriteHtmlCache [ RunTime:0.000047s ]
INFO: [ view_filter ] --END-- [ RunTime:0.000127s ]
INFO: [ app_end ] --START--
INFO: Run Behavior\ShowPageTrace [ RunTime:0.000034s ]
INFO: [ app_end ] --END-- [ RunTime:0.000086s ]

[ 2016-11-28T21:41:04+08:00 ] 101.199.112.49 /Admin/Public/login.html
INFO: [ view_parse ] --START--
INFO: [ template_filter ] --START--
INFO: Run Behavior\ContentReplace [ RunTime:0.000060s ]
INFO: [ template_filter ] --END-- [ RunTime:0.000156s ]
INFO: Run Behavior\ParseTemplate [ RunTime:0.008939s ]
INFO: [ view_parse ] --END-- [ RunTime:0.009031s ]
INFO: [ view_filter ] --START--
INFO: Run Behavior\WriteHtmlCache [ RunTime:0.000047s ]
INFO: [ view_filter ] --END-- [ RunTime:0.000128s ]
INFO: [ app_end ] --START--
INFO: Run Behavior\ShowPageTrace [ RunTime:0.000033s ]
INFO: [ app_end ] --END-- [ RunTime:0.000084s ]

[ 2016-11-28T21:41:45+08:00 ] 113.111.65.169 /Home/Index/list_marks.html
INFO: [ app_begin ] --START--
INFO: Run Behavior\ReadHtmlCache [ RunTime:0.000029s ]
INFO: [ app_begin ] --END-- [ RunTime:0.000098s ]
NOTIC: [2] session_start(): open(/var/lib/php/session/sess_efl2pjg7nloin6n8si90cjmln3, O_RDWR) failed: Permission denied (13) /data/html/one/ThinkPHP/Common/functions.php 第 1092 行.

[ 2016-11-28T21:41:48+08:00 ] 113.111.65.169 /Home/Main/search_result.html
INFO: [ app_begin ] --START--
INFO: Run Behavior\ReadHtmlCache [ RunTime:0.000041s ]
INFO: [ app_begin ] --END-- [ RunTime:0.001731s ]
NOTIC: [2] session_start(): open(/var/lib/php/session/sess_efl2pjg7nloin6n8si90cjmln3, O_RDWR) failed: Permission denied (13) /data/html/one/ThinkPHP/Common/functions.php 第 1092 行.
SQL: SHOW COLUMNS FROM `one_compound` [ RunTime:0.000416s ]
SQL: SHOW COLUMNS FROM `one_compound` [ RunTime:0.000580s ]
SQL: SELECT COUNT(*) AS tp_count FROM `one_compound` WHERE ( `c_chemicals` LIKE '%C2H5O%' ) LIMIT 1   [ RunTime:0.000413s ]
SQL: SHOW COLUMNS FROM `one_compound` [ RunTime:0.000630s ]
SQL: SELECT `id`,`c_chemicals`,`c_name1`,`c_name2`,`c_cas`,`c_img` FROM `one_compound` WHERE ( `c_chemicals` LIKE '%C2H5O%' ) LIMIT 0,20   [ RunTime:0.000297s ]

[ 2016-11-28T21:41:54+08:00 ] 113.111.65.169 /Home/Main/reaction_list.html
INFO: [ app_begin ] --START--
INFO: Run Behavior\ReadHtmlCache [ RunTime:0.000029s ]
INFO: [ app_begin ] --END-- [ RunTime:0.000092s ]
NOTIC: [2] session_start(): open(/var/lib/php/session/sess_efl2pjg7nloin6n8si90cjmln3, O_RDWR) failed: Permission denied (13) /data/html/one/ThinkPHP/Common/functions.php 第 1092 行.
SQL: SHOW COLUMNS FROM `one_compound` [ RunTime:0.000801s ]
SQL: SHOW COLUMNS FROM `one_compound_relation` [ RunTime:0.001183s ]
SQL: SELECT * FROM `one_compound_relation`  [ RunTime:0.000234s ]

[ 2016-11-28T21:41:54+08:00 ] 113.111.65.169 /Home/Index/list_marks.html
INFO: [ app_begin ] --START--
INFO: Run Behavior\ReadHtmlCache [ RunTime:0.000029s ]
INFO: [ app_begin ] --END-- [ RunTime:0.000498s ]
NOTIC: [2] session_start(): open(/var/lib/php/session/sess_efl2pjg7nloin6n8si90cjmln3, O_RDWR) failed: Permission denied (13) /data/html/one/ThinkPHP/Common/functions.php 第 1092 行.

[ 2016-11-28T22:03:06+08:00 ] 113.111.65.169 /Home/Index/list_marks.html
INFO: [ app_begin ] --START--
INFO: Run Behavior\ReadHtmlCache [ RunTime:0.000036s ]
INFO: [ app_begin ] --END-- [ RunTime:0.000117s ]
NOTIC: [2] session_start(): open(/var/lib/php/session/sess_efl2pjg7nloin6n8si90cjmln3, O_RDWR) failed: Permission denied (13) /data/html/one/ThinkPHP/Common/functions.php 第 1092 行.

