[ 2016-12-05T20:36:17+08:00 ] 121.33.175.105 /Home/Index/list_marks.html
INFO: [ app_begin ] --START--
INFO: Run Behavior\ReadHtmlCache [ RunTime:0.000037s ]
INFO: [ app_begin ] --END-- [ RunTime:0.000138s ]
NOTIC: [2] session_start(): open(/var/lib/php/session/sess_1gaeu5cdc2iu178fdr9jegha21, O_RDWR) failed: Permission denied (13) /data/html/one/ThinkPHP/Common/functions.php 第 1092 行.
NOTIC: [2] array_values() expects parameter 1 to be array, null given /data/html/one/Application/Home/Controller/IndexController.class.php 第 88 行.
NOTIC: [4096] Argument 1 passed to exit_json() must be of the type array, null given, called in /data/html/one/Application/Home/Controller/IndexController.class.php on line 89 and defined /data/html/one/Application/Common/Common/function.php 第 1098 行.

[ 2016-12-05T20:36:18+08:00 ] 121.33.175.105 /Home/Index/list_marks.html
INFO: [ app_begin ] --START--
INFO: Run Behavior\ReadHtmlCache [ RunTime:0.000028s ]
INFO: [ app_begin ] --END-- [ RunTime:0.000094s ]
NOTIC: [2] session_start(): open(/var/lib/php/session/sess_1gaeu5cdc2iu178fdr9jegha21, O_RDWR) failed: Permission denied (13) /data/html/one/ThinkPHP/Common/functions.php 第 1092 行.
NOTIC: [2] array_values() expects parameter 1 to be array, null given /data/html/one/Application/Home/Controller/IndexController.class.php 第 88 行.
NOTIC: [4096] Argument 1 passed to exit_json() must be of the type array, null given, called in /data/html/one/Application/Home/Controller/IndexController.class.php on line 89 and defined /data/html/one/Application/Common/Common/function.php 第 1098 行.

[ 2016-12-05T20:36:19+08:00 ] 121.33.175.105 /Home/Index/list_marks.html
INFO: [ app_begin ] --START--
INFO: Run Behavior\ReadHtmlCache [ RunTime:0.000039s ]
INFO: [ app_begin ] --END-- [ RunTime:0.000112s ]
NOTIC: [2] session_start(): open(/var/lib/php/session/sess_1gaeu5cdc2iu178fdr9jegha21, O_RDWR) failed: Permission denied (13) /data/html/one/ThinkPHP/Common/functions.php 第 1092 行.
NOTIC: [2] array_values() expects parameter 1 to be array, null given /data/html/one/Application/Home/Controller/IndexController.class.php 第 88 行.
NOTIC: [4096] Argument 1 passed to exit_json() must be of the type array, null given, called in /data/html/one/Application/Home/Controller/IndexController.class.php on line 89 and defined /data/html/one/Application/Common/Common/function.php 第 1098 行.

[ 2016-12-05T20:36:20+08:00 ] 121.33.175.105 /Home/Index/list_marks.html
INFO: [ app_begin ] --START--
INFO: Run Behavior\ReadHtmlCache [ RunTime:0.000025s ]
INFO: [ app_begin ] --END-- [ RunTime:0.000088s ]
NOTIC: [2] session_start(): open(/var/lib/php/session/sess_1gaeu5cdc2iu178fdr9jegha21, O_RDWR) failed: Permission denied (13) /data/html/one/ThinkPHP/Common/functions.php 第 1092 行.
NOTIC: [2] array_values() expects parameter 1 to be array, null given /data/html/one/Application/Home/Controller/IndexController.class.php 第 88 行.
NOTIC: [4096] Argument 1 passed to exit_json() must be of the type array, null given, called in /data/html/one/Application/Home/Controller/IndexController.class.php on line 89 and defined /data/html/one/Application/Common/Common/function.php 第 1098 行.

[ 2016-12-05T20:36:23+08:00 ] 121.33.175.105 /Home/Index/add.html
INFO: [ app_begin ] --START--
INFO: Run Behavior\ReadHtmlCache [ RunTime:0.000030s ]
INFO: [ app_begin ] --END-- [ RunTime:0.000097s ]
NOTIC: [2] session_start(): open(/var/lib/php/session/sess_1gaeu5cdc2iu178fdr9jegha21, O_RDWR) failed: Permission denied (13) /data/html/one/ThinkPHP/Common/functions.php 第 1092 行.

[ 2016-12-05T20:36:24+08:00 ] 121.33.175.105 /Home/Index/list_marks.html
INFO: [ app_begin ] --START--
INFO: Run Behavior\ReadHtmlCache [ RunTime:0.000025s ]
INFO: [ app_begin ] --END-- [ RunTime:0.000103s ]
NOTIC: [2] session_start(): open(/var/lib/php/session/sess_1gaeu5cdc2iu178fdr9jegha21, O_RDWR) failed: Permission denied (13) /data/html/one/ThinkPHP/Common/functions.php 第 1092 行.

[ 2016-12-05T20:36:30+08:00 ] 121.33.175.105 /Home/Index/list_marks.html
INFO: [ app_begin ] --START--
INFO: Run Behavior\ReadHtmlCache [ RunTime:0.000033s ]
INFO: [ app_begin ] --END-- [ RunTime:0.000134s ]
NOTIC: [2] session_start(): open(/var/lib/php/session/sess_1gaeu5cdc2iu178fdr9jegha21, O_RDWR) failed: Permission denied (13) /data/html/one/ThinkPHP/Common/functions.php 第 1092 行.

[ 2016-12-05T20:36:30+08:00 ] 121.33.175.105 /Home/Main/get_reaction.html
INFO: [ app_begin ] --START--
INFO: Run Behavior\ReadHtmlCache [ RunTime:0.000026s ]
INFO: [ app_begin ] --END-- [ RunTime:0.000094s ]
NOTIC: [2] session_start(): open(/var/lib/php/session/sess_1gaeu5cdc2iu178fdr9jegha21, O_RDWR) failed: Permission denied (13) /data/html/one/ThinkPHP/Common/functions.php 第 1092 行.
SQL: SHOW COLUMNS FROM `one_compound` [ RunTime:0.002312s ]
SQL: SHOW COLUMNS FROM `one_compound_reaction` [ RunTime:0.001096s ]
SQL: SELECT a.r_reactant1,a.r_reactant2,a.r_reactant3,a.r_product1,a.r_product2,a.r_product3,a.r_kt FROM one_compound_reaction a INNER JOIN one_compound as b on a.r_reactant1 = b.c_chemicals  WHERE ( b.c_recursive = 1 ) AND ( a.r_is_show = 1 )  [ RunTime:0.005134s ]

[ 2016-12-05T20:36:44+08:00 ] 121.33.175.105 /Home/Main/get_reaction.html
INFO: [ app_begin ] --START--
INFO: Run Behavior\ReadHtmlCache [ RunTime:0.000038s ]
INFO: [ app_begin ] --END-- [ RunTime:0.000149s ]
NOTIC: [2] session_start(): open(/var/lib/php/session/sess_1gaeu5cdc2iu178fdr9jegha21, O_RDWR) failed: Permission denied (13) /data/html/one/ThinkPHP/Common/functions.php 第 1092 行.
SQL: SHOW COLUMNS FROM `one_compound` [ RunTime:0.000729s ]

[ 2016-12-05T20:36:44+08:00 ] 121.33.175.105 /Home/Index/list_marks.html
INFO: [ app_begin ] --START--
INFO: Run Behavior\ReadHtmlCache [ RunTime:0.000026s ]
INFO: [ app_begin ] --END-- [ RunTime:0.000088s ]
NOTIC: [2] session_start(): open(/var/lib/php/session/sess_1gaeu5cdc2iu178fdr9jegha21, O_RDWR) failed: Permission denied (13) /data/html/one/ThinkPHP/Common/functions.php 第 1092 行.

[ 2016-12-05T20:38:26+08:00 ] 220.181.132.199 /Home/Index/list_marks.html
INFO: [ app_begin ] --START--
INFO: Run Behavior\ReadHtmlCache [ RunTime:0.000028s ]
INFO: [ app_begin ] --END-- [ RunTime:0.000100s ]
NOTIC: [2] session_start(): open(/var/lib/php/session/sess_93q7vef57l3tfl10kk37a7r5p5, O_RDWR) failed: Permission denied (13) /data/html/one/ThinkPHP/Common/functions.php 第 1092 行.
NOTIC: [2] array_values() expects parameter 1 to be array, null given /data/html/one/Application/Home/Controller/IndexController.class.php 第 88 行.
NOTIC: [4096] Argument 1 passed to exit_json() must be of the type array, null given, called in /data/html/one/Application/Home/Controller/IndexController.class.php on line 89 and defined /data/html/one/Application/Common/Common/function.php 第 1098 行.

[ 2016-12-05T20:38:41+08:00 ] 101.199.112.49 /Home/Index/list_marks.html
INFO: [ app_begin ] --START--
INFO: Run Behavior\ReadHtmlCache [ RunTime:0.000025s ]
INFO: [ app_begin ] --END-- [ RunTime:0.000088s ]
NOTIC: [2] session_start(): open(/var/lib/php/session/sess_5phicjcve18ugv6ff619f7kpj4, O_RDWR) failed: Permission denied (13) /data/html/one/ThinkPHP/Common/functions.php 第 1092 行.
NOTIC: [2] array_values() expects parameter 1 to be array, null given /data/html/one/Application/Home/Controller/IndexController.class.php 第 88 行.
NOTIC: [4096] Argument 1 passed to exit_json() must be of the type array, null given, called in /data/html/one/Application/Home/Controller/IndexController.class.php on line 89 and defined /data/html/one/Application/Common/Common/function.php 第 1098 行.

[ 2016-12-05T20:38:41+08:00 ] 101.199.112.49 /Home/Main/get_reaction.html
INFO: [ app_begin ] --START--
INFO: Run Behavior\ReadHtmlCache [ RunTime:0.000029s ]
INFO: [ app_begin ] --END-- [ RunTime:0.000097s ]
NOTIC: [2] session_start(): open(/var/lib/php/session/sess_5phicjcve18ugv6ff619f7kpj4, O_RDWR) failed: Permission denied (13) /data/html/one/ThinkPHP/Common/functions.php 第 1092 行.
SQL: SHOW COLUMNS FROM `one_compound` [ RunTime:0.000494s ]

[ 2016-12-05T20:39:11+08:00 ] 220.181.132.197 /Home/Index/list_marks.html
INFO: [ app_begin ] --START--
INFO: Run Behavior\ReadHtmlCache [ RunTime:0.000031s ]
INFO: [ app_begin ] --END-- [ RunTime:0.000114s ]
NOTIC: [2] session_start(): open(/var/lib/php/session/sess_daji39601tc204mkkqe84rmp91, O_RDWR) failed: Permission denied (13) /data/html/one/ThinkPHP/Common/functions.php 第 1092 行.
NOTIC: [2] array_values() expects parameter 1 to be array, null given /data/html/one/Application/Home/Controller/IndexController.class.php 第 88 行.
NOTIC: [4096] Argument 1 passed to exit_json() must be of the type array, null given, called in /data/html/one/Application/Home/Controller/IndexController.class.php on line 89 and defined /data/html/one/Application/Common/Common/function.php 第 1098 行.

[ 2016-12-05T20:39:46+08:00 ] 220.181.132.197 /Home/Index/list_marks.html
INFO: [ app_begin ] --START--
INFO: Run Behavior\ReadHtmlCache [ RunTime:0.000031s ]
INFO: [ app_begin ] --END-- [ RunTime:0.000107s ]
NOTIC: [2] session_start(): open(/var/lib/php/session/sess_dcjhd5j9lmj1ocbmbogo9p6bs2, O_RDWR) failed: Permission denied (13) /data/html/one/ThinkPHP/Common/functions.php 第 1092 行.
NOTIC: [2] array_values() expects parameter 1 to be array, null given /data/html/one/Application/Home/Controller/IndexController.class.php 第 88 行.
NOTIC: [4096] Argument 1 passed to exit_json() must be of the type array, null given, called in /data/html/one/Application/Home/Controller/IndexController.class.php on line 89 and defined /data/html/one/Application/Common/Common/function.php 第 1098 行.

